Log file open, 11/25/23 16:13:46
LogWindows: Failed to load 'aqProf.dll' (GetLastError=126)
LogWindows: File 'aqProf.dll' does not exist
LogWindows: Failed to load 'VtuneApi.dll' (GetLastError=126)
LogWindows: File 'VtuneApi.dll' does not exist
LogWindows: Failed to load 'VtuneApi32e.dll' (GetLastError=126)
LogWindows: File 'VtuneApi32e.dll' does not exist
LogConsoleResponse: Display: Failed to find resolution value strings in scalability ini. Falling back to default.
LogConsoleResponse: Display: Failed to find resolution value strings in scalability ini. Falling back to default.
LogInit: Display: Running engine for game: HannaHolovenkina_3
LogPlatformFile: Not using cached read wrapper
LogTaskGraph: Started task graph with 5 named threads and 11 total threads with 3 sets of task threads.
LogStats: Stats thread started at 0.648211
LogICUInternationalization: ICU TimeZone Detection - Raw Offset: +1:00, Platform Override: ''
LogInit: Display: Loading text-based GConfig....
LogPluginManager: Mounting plugin MeshPainting
LogPluginManager: Mounting plugin XGEController
LogPluginManager: Mounting plugin Paper2D
LogPluginManager: Mounting plugin AISupport
LogPluginManager: Mounting plugin EnvironmentQueryEditor
LogPluginManager: Mounting plugin LightPropagationVolume
LogPluginManager: Mounting plugin LiveLink
LogPluginManager: Mounting plugin CameraShakePreviewer
LogPluginManager: Mounting plugin GameplayCameras
LogPluginManager: Mounting plugin OodleData
LogPluginManager: Mounting plugin OodleNetwork
LogPluginManager: Mounting plugin AnimationSharing
LogPluginManager: Mounting plugin CLionSourceCodeAccess
LogPluginManager: Mounting plugin CodeLiteSourceCodeAccess
LogPluginManager: Mounting plugin GitSourceControl
LogPluginManager: Mounting plugin KDevelopSourceCodeAccess
LogPluginManager: Mounting plugin NullSourceCodeAccess
LogPluginManager: Mounting plugin PerforceSourceControl
LogPluginManager: Mounting plugin PixWinPlugin
LogPluginManager: Mounting plugin PlasticSourceControl
LogPluginManager: Mounting plugin PluginUtils
LogPluginManager: Mounting plugin PropertyAccessNode
LogPluginManager: Mounting plugin RiderSourceCodeAccess
LogPluginManager: Mounting plugin SubversionSourceControl
LogPluginManager: Mounting plugin TextureFormatOodle
LogPluginManager: Mounting plugin UObjectPlugin
LogPluginManager: Mounting plugin VisualStudioCodeSourceCodeAccess
LogPluginManager: Mounting plugin VisualStudioSourceCodeAccess
LogPluginManager: Mounting plugin XCodeSourceCodeAccess
LogPluginManager: Mounting plugin AssetManagerEditor
LogPluginManager: Mounting plugin CryptoKeys
LogPluginManager: Mounting plugin CurveEditorTools
LogPluginManager: Mounting plugin DataValidation
LogPluginManager: Mounting plugin FacialAnimation
LogPluginManager: Mounting plugin GameplayTagsEditor
LogPluginManager: Mounting plugin GeometryMode
LogPluginManager: Mounting plugin MacGraphicsSwitching
LogPluginManager: Mounting plugin MaterialAnalyzer
LogPluginManager: Mounting plugin MobileLauncherProfileWizard
LogPluginManager: Mounting plugin PluginBrowser
LogPluginManager: Mounting plugin SpeedTreeImporter
LogPluginManager: Mounting plugin DatasmithContent
LogPluginManager: Mounting plugin VariantManagerContent
LogPluginManager: Mounting plugin AlembicImporter
LogPluginManager: Mounting plugin AutomationUtils
LogPluginManager: Mounting plugin BackChannel
LogPluginManager: Mounting plugin ChaosCloth
LogPluginManager: Mounting plugin ChaosClothEditor
LogPluginManager: Mounting plugin ChaosEditor
LogPluginManager: Mounting plugin ChaosNiagara
LogPluginManager: Mounting plugin ChaosSolverPlugin
LogPluginManager: Mounting plugin CharacterAI
LogPluginManager: Mounting plugin Niagara
LogPluginManager: Mounting plugin GeometryCache
LogPluginManager: Mounting plugin GeometryCollectionPlugin
LogPluginManager: Mounting plugin GeometryProcessing
LogPluginManager: Mounting plugin MotoSynth
LogPluginManager: Mounting plugin OpenImageDenoise
LogPluginManager: Mounting plugin PlanarCut
LogPluginManager: Mounting plugin PlatformCrypto
LogPluginManager: Mounting plugin ProxyLODPlugin
LogPluginManager: Mounting plugin PythonScriptPlugin
LogPluginManager: Mounting plugin SkeletalReduction
LogPluginManager: Mounting plugin LuminPlatformFeatures
LogPluginManager: Mounting plugin MagicLeap
LogPluginManager: Mounting plugin MagicLeapLightEstimation
LogPluginManager: Mounting plugin MagicLeapMedia
LogPluginManager: Mounting plugin MagicLeapPassableWorld
LogPluginManager: Mounting plugin MLSDK
LogPluginManager: Mounting plugin AndroidMedia
LogPluginManager: Mounting plugin AvfMedia
LogPluginManager: Mounting plugin ImgMedia
LogPluginManager: Mounting plugin MediaCompositing
LogPluginManager: Mounting plugin MediaPlayerEditor
LogPluginManager: Mounting plugin WmfMedia
LogPluginManager: Mounting plugin WebMMedia
LogPluginManager: Mounting plugin TcpMessaging
LogPluginManager: Mounting plugin UdpMessaging
LogPluginManager: Mounting plugin ActorSequence
LogPluginManager: Mounting plugin LevelSequenceEditor
LogPluginManager: Mounting plugin MatineeToLevelSequence
LogPluginManager: Mounting plugin TemplateSequence
LogPluginManager: Mounting plugin OnlineSubsystem
LogPluginManager: Mounting plugin OnlineSubsystemNull
LogPluginManager: Mounting plugin OnlineSubsystemUtils
LogPluginManager: Mounting plugin LauncherChunkInstaller
LogPluginManager: Mounting plugin ActorLayerUtilities
LogPluginManager: Mounting plugin AndroidDeviceProfileSelector
LogPluginManager: Mounting plugin AndroidMoviePlayer
LogPluginManager: Mounting plugin AndroidPermission
LogPluginManager: Mounting plugin AppleImageUtils
LogPluginManager: Mounting plugin AppleMoviePlayer
LogPluginManager: Mounting plugin ArchVisCharacter
LogPluginManager: Mounting plugin AssetTags
LogPluginManager: Mounting plugin AudioCapture
LogPluginManager: Mounting plugin AudioSynesthesia
LogPluginManager: Mounting plugin CableComponent
LogPluginManager: Mounting plugin ChunkDownloader
LogPluginManager: Mounting plugin CustomMeshComponent
LogPluginManager: Mounting plugin ExampleDeviceProfileSelector
LogPluginManager: Mounting plugin EditableMesh
LogPluginManager: Mounting plugin GoogleCloudMessaging
LogPluginManager: Mounting plugin GooglePAD
LogPluginManager: Mounting plugin IOSDeviceProfileSelector
LogPluginManager: Mounting plugin LinuxDeviceProfileSelector
LogPluginManager: Mounting plugin LocationServicesBPLibrary
LogPluginManager: Mounting plugin MobilePatchingUtils
LogPluginManager: Mounting plugin OpenXR
LogPluginManager: Mounting plugin OpenXREyeTracker
LogPluginManager: Mounting plugin ScreenshotTools
LogPluginManager: Mounting plugin OpenXRHandTracking
LogPluginManager: Mounting plugin PhysXVehicles
LogPluginManager: Mounting plugin PostSplashScreen
LogPluginManager: Mounting plugin ProceduralMeshComponent
LogPluginManager: Mounting plugin PropertyAccessEditor
LogPluginManager: Mounting plugin RuntimePhysXCooking
LogPluginManager: Mounting plugin SignificanceManager
LogPluginManager: Mounting plugin SoundFields
LogPluginManager: Mounting plugin Synthesis
LogPluginManager: Mounting plugin WebMMoviePlayer
LogPluginManager: Mounting plugin WindowsMoviePlayer
LogPluginManager: Mounting plugin Takes
LogPluginManager: Mounting plugin ContentBrowserAssetDataSource
LogPluginManager: Mounting plugin ContentBrowserClassDataSource
LogPluginManager: Mounting plugin ContentBrowserFileDataSource
LogPluginManager: Mounting plugin OnlineSubsystemGooglePlay
LogPluginManager: Mounting plugin OnlineSubsystemIOS
LogPluginManager: Mounting plugin OculusVR
LogPluginManager: Mounting plugin SteamVR
PixWinPlugin: PIX capture plugin failed to initialize! Check that the process is launched from PIX.
LogInit: Using libcurl 7.55.1-DEV
LogInit:  - built for x86_64-pc-win32
LogInit:  - supports SSL with OpenSSL/1.1.1
LogInit:  - supports HTTP deflate (compression) using libz 1.2.8
LogInit:  - other features:
LogInit:      CURL_VERSION_SSL
LogInit:      CURL_VERSION_LIBZ
LogInit:      CURL_VERSION_IPV6
LogInit:      CURL_VERSION_ASYNCHDNS
LogInit:      CURL_VERSION_LARGEFILE
LogInit:      CURL_VERSION_IDN
LogInit:  CurlRequestOptions (configurable via config and command line):
LogInit:  - bVerifyPeer = true  - Libcurl will verify peer certificate
LogInit:  - bUseHttpProxy = false  - Libcurl will NOT use HTTP proxy
LogInit:  - bDontReuseConnections = false  - Libcurl will reuse connections
LogInit:  - MaxHostConnections = 16  - Libcurl will limit the number of connections to a host
LogInit:  - LocalHostAddr = Default
LogInit:  - BufferSize = 65536
LogOnline: OSS: Creating online subsystem instance for: NULL
LogInit: WinSock: version 1.1 (2.2), MaxSocks=32767, MaxUdp=65467
LogOnline: OSS: TryLoadSubsystemAndSetDefault: Loaded subsystem for module [NULL]
LogOculusPluginWrapper: OculusPlugin initialized successfully
LogHMD: Failed initializing OVRPlugin 1.59.0
LogInit: Build: ++UE4+Release-4.27-CL-18319896
LogInit: Engine Version: 4.27.2-18319896+++UE4+Release-4.27
LogInit: Compatible Engine Version: 4.27.0-17155196+++UE4+Release-4.27
LogInit: Net CL: 17155196
LogInit: OS: Windows 10 (Release 2009) (), CPU: Intel(R) Core(TM) i3-10110U CPU @ 2.10GHz, GPU: Intel(R) UHD Graphics
LogInit: Compiled (64-bit): Nov 30 2021 07:12:08
LogInit: Compiled with Visual C++: 19.24.28315.00
LogInit: Build Configuration: Development
LogInit: Branch Name: ++UE4+Release-4.27
LogInit: Command Line: 
LogInit: Base Directory: C:/Program Files/Epic Games/UE_4.27/Engine/Binaries/Win64/
LogInit: Allocator: TBB
LogInit: Installed Engine Build: 1
LogDevObjectVersion: Number of dev versions registered: 29
LogDevObjectVersion:   Dev-Blueprints (B0D832E4-1F89-4F0D-ACCF-7EB736FD4AA2): 10
LogDevObjectVersion:   Dev-Build (E1C64328-A22C-4D53-A36C-8E866417BD8C): 0
LogDevObjectVersion:   Dev-Core (375EC13C-06E4-48FB-B500-84F0262A717E): 4
LogDevObjectVersion:   Dev-Editor (E4B068ED-F494-42E9-A231-DA0B2E46BB41): 40
LogDevObjectVersion:   Dev-Framework (CFFC743F-43B0-4480-9391-14DF171D2073): 37
LogDevObjectVersion:   Dev-Mobile (B02B49B5-BB20-44E9-A304-32B752E40360): 3
LogDevObjectVersion:   Dev-Networking (A4E4105C-59A1-49B5-A7C5-40C4547EDFEE): 0
LogDevObjectVersion:   Dev-Online (39C831C9-5AE6-47DC-9A44-9C173E1C8E7C): 0
LogDevObjectVersion:   Dev-Physics (78F01B33-EBEA-4F98-B9B4-84EACCB95AA2): 14
LogDevObjectVersion:   Dev-Platform (6631380F-2D4D-43E0-8009-CF276956A95A): 0
LogDevObjectVersion:   Dev-Rendering (12F88B9F-8875-4AFC-A67C-D90C383ABD29): 45
LogDevObjectVersion:   Dev-Sequencer (7B5AE74C-D270-4C10-A958-57980B212A5A): 13
LogDevObjectVersion:   Dev-VR (D7296918-1DD6-4BDD-9DE2-64A83CC13884): 3
LogDevObjectVersion:   Dev-LoadTimes (C2A15278-BFE7-4AFE-6C17-90FF531DF755): 1
LogDevObjectVersion:   Private-Geometry (6EACA3D4-40EC-4CC1-B786-8BED09428FC5): 3
LogDevObjectVersion:   Dev-AnimPhys (29E575DD-E0A3-4627-9D10-D276232CDCEA): 17
LogDevObjectVersion:   Dev-Anim (AF43A65D-7FD3-4947-9873-3E8ED9C1BB05): 15
LogDevObjectVersion:   Dev-ReflectionCapture (6B266CEC-1EC7-4B8F-A30B-E4D90942FC07): 1
LogDevObjectVersion:   Dev-Automation (0DF73D61-A23F-47EA-B727-89E90C41499A): 1
LogDevObjectVersion:   FortniteMain (601D1886-AC64-4F84-AA16-D3DE0DEAC7D6): 47
LogDevObjectVersion:   FortniteRelease (E7086368-6B23-4C58-8439-1B7016265E91): 1
LogDevObjectVersion:   Dev-Enterprise (9DFFBCD6-494F-0158-E221-12823C92A888): 10
LogDevObjectVersion:   Dev-Niagara (F2AED0AC-9AFE-416F-8664-AA7FFA26D6FC): 1
LogDevObjectVersion:   Dev-Destruction (174F1F0B-B4C6-45A5-B13F-2EE8D0FB917D): 10
LogDevObjectVersion:   Dev-Physics-Ext (35F94A83-E258-406C-A318-09F59610247C): 41
LogDevObjectVersion:   Dev-PhysicsMaterial-Chaos (B68FC16E-8B1B-42E2-B453-215C058844FE): 1
LogDevObjectVersion:   Dev-CineCamera (B2E18506-4273-CFC2-A54E-F4BB758BBA07): 1
LogDevObjectVersion:   Dev-VirtualProduction (64F58936-FD1B-42BA-BA96-7289D5D0FA4E): 1
LogDevObjectVersion:   Dev-MediaFramework (6F0ED827-A609-4895-9C91-998D90180EA4): 2
LogInit: Presizing for max 25165824 objects, including 0 objects not considered by GC, pre-allocating 0 bytes for permanent pool.
LogConfig: Applying CVar settings from Section [/Script/Engine.StreamingSettings] File [C:/Users/Hanna/Desktop/SpaceShooter/SpaceShooter_HannaHolovenkina/HannaHolovenkina_3/Saved/Config/Windows/Engine.ini]
LogConfig: Setting CVar [[s.MinBulkDataSizeForAsyncLoading:131072]]
LogConfig: Setting CVar [[s.AsyncLoadingThreadEnabled:0]]
LogConfig: Setting CVar [[s.EventDrivenLoaderEnabled:1]]
LogConfig: Setting CVar [[s.WarnIfTimeLimitExceeded:0]]
LogConfig: Setting CVar [[s.TimeLimitExceededMultiplier:1.5]]
LogConfig: Setting CVar [[s.TimeLimitExceededMinTime:0.005]]
LogConfig: Setting CVar [[s.UseBackgroundLevelStreaming:1]]
LogConfig: Setting CVar [[s.PriorityAsyncLoadingExtraTime:15.0]]
LogConfig: Setting CVar [[s.LevelStreamingActorsUpdateTimeLimit:5.0]]
LogConfig: Setting CVar [[s.PriorityLevelStreamingActorsUpdateExtraTime:5.0]]
LogConfig: Setting CVar [[s.LevelStreamingComponentsRegistrationGranularity:10]]
LogConfig: Setting CVar [[s.UnregisterComponentsTimeLimit:1.0]]
LogConfig: Setting CVar [[s.LevelStreamingComponentsUnregistrationGranularity:5]]
LogConfig: Setting CVar [[s.FlushStreamingOnExit:1]]
LogInit: Object subsystem initialized
LogConfig: Setting CVar [[con.DebugEarlyDefault:1]]
LogConfig: Setting CVar [[r.setres:1280x720]]
[2023.11.25-15.13.47:669][  0]LogConfig: Setting CVar [[r.VSync:0]]
[2023.11.25-15.13.47:669][  0]LogConfig: Setting CVar [[r.RHICmdBypass:0]]
[2023.11.25-15.13.47:669][  0]LogConfig: Applying CVar settings from Section [/Script/Engine.RendererSettings] File [C:/Users/Hanna/Desktop/SpaceShooter/SpaceShooter_HannaHolovenkina/HannaHolovenkina_3/Saved/Config/Windows/Engine.ini]
[2023.11.25-15.13.47:669][  0]LogConfig: Setting CVar [[r.GPUCrashDebugging:0]]
[2023.11.25-15.13.47:669][  0]LogConfig: Applying CVar settings from Section [/Script/Engine.RendererOverrideSettings] File [C:/Users/Hanna/Desktop/SpaceShooter/SpaceShooter_HannaHolovenkina/HannaHolovenkina_3/Saved/Config/Windows/Engine.ini]
[2023.11.25-15.13.47:669][  0]LogConfig: Applying CVar settings from Section [/Script/Engine.StreamingSettings] File [C:/Users/Hanna/Desktop/SpaceShooter/SpaceShooter_HannaHolovenkina/HannaHolovenkina_3/Saved/Config/Windows/Engine.ini]
[2023.11.25-15.13.47:669][  0]LogConfig: Setting CVar [[s.MinBulkDataSizeForAsyncLoading:131072]]
[2023.11.25-15.13.47:669][  0]LogConfig: Setting CVar [[s.AsyncLoadingThreadEnabled:0]]
[2023.11.25-15.13.47:669][  0]LogConfig: Setting CVar [[s.EventDrivenLoaderEnabled:1]]
[2023.11.25-15.13.47:670][  0]LogConfig: Setting CVar [[s.WarnIfTimeLimitExceeded:0]]
[2023.11.25-15.13.47:670][  0]LogConfig: Setting CVar [[s.TimeLimitExceededMultiplier:1.5]]
[2023.11.25-15.13.47:670][  0]LogConfig: Setting CVar [[s.TimeLimitExceededMinTime:0.005]]
[2023.11.25-15.13.47:670][  0]LogConfig: Setting CVar [[s.UseBackgroundLevelStreaming:1]]
[2023.11.25-15.13.47:670][  0]LogConfig: Setting CVar [[s.PriorityAsyncLoadingExtraTime:15.0]]
[2023.11.25-15.13.47:670][  0]LogConfig: Setting CVar [[s.LevelStreamingActorsUpdateTimeLimit:5.0]]
[2023.11.25-15.13.47:670][  0]LogConfig: Setting CVar [[s.PriorityLevelStreamingActorsUpdateExtraTime:5.0]]
[2023.11.25-15.13.47:670][  0]LogConfig: Setting CVar [[s.LevelStreamingComponentsRegistrationGranularity:10]]
[2023.11.25-15.13.47:670][  0]LogConfig: Setting CVar [[s.UnregisterComponentsTimeLimit:1.0]]
[2023.11.25-15.13.47:670][  0]LogConfig: Setting CVar [[s.LevelStreamingComponentsUnregistrationGranularity:5]]
[2023.11.25-15.13.47:670][  0]LogConfig: Setting CVar [[s.FlushStreamingOnExit:1]]
[2023.11.25-15.13.47:670][  0]LogConfig: Applying CVar settings from Section [/Script/Engine.GarbageCollectionSettings] File [C:/Users/Hanna/Desktop/SpaceShooter/SpaceShooter_HannaHolovenkina/HannaHolovenkina_3/Saved/Config/Windows/Engine.ini]
[2023.11.25-15.13.47:670][  0]LogConfig: Setting CVar [[gc.MaxObjectsNotConsideredByGC:1]]
[2023.11.25-15.13.47:670][  0]LogConfig: Setting CVar [[gc.SizeOfPermanentObjectPool:0]]
[2023.11.25-15.13.47:670][  0]LogConfig: Setting CVar [[gc.FlushStreamingOnGC:0]]
[2023.11.25-15.13.47:670][  0]LogConfig: Setting CVar [[gc.NumRetriesBeforeForcingGC:10]]
[2023.11.25-15.13.47:670][  0]LogConfig: Setting CVar [[gc.AllowParallelGC:1]]
[2023.11.25-15.13.47:670][  0]LogConfig: Setting CVar [[gc.TimeBetweenPurgingPendingKillObjects:61.1]]
[2023.11.25-15.13.47:670][  0]LogConfig: Setting CVar [[gc.MaxObjectsInEditor:25165824]]
[2023.11.25-15.13.47:670][  0]LogConfig: Setting CVar [[gc.IncrementalBeginDestroyEnabled:1]]
[2023.11.25-15.13.47:670][  0]LogConfig: Setting CVar [[gc.CreateGCClusters:1]]
[2023.11.25-15.13.47:670][  0]LogConfig: Setting CVar [[gc.MinGCClusterSize:5]]
[2023.11.25-15.13.47:670][  0]LogConfig: Setting CVar [[gc.ActorClusteringEnabled:0]]
[2023.11.25-15.13.47:670][  0]LogConfig: Setting CVar [[gc.BlueprintClusteringEnabled:0]]
[2023.11.25-15.13.47:670][  0]LogConfig: Setting CVar [[gc.UseDisregardForGCOnDedicatedServers:0]]
[2023.11.25-15.13.47:670][  0]LogConfig: Setting CVar [[gc.MultithreadedDestructionEnabled:1]]
[2023.11.25-15.13.47:670][  0]LogConfig: Applying CVar settings from Section [/Script/Engine.NetworkSettings] File [C:/Users/Hanna/Desktop/SpaceShooter/SpaceShooter_HannaHolovenkina/HannaHolovenkina_3/Saved/Config/Windows/Engine.ini]
[2023.11.25-15.13.47:670][  0]LogConfig: Applying CVar settings from Section [/Script/UnrealEd.CookerSettings] File [C:/Users/Hanna/Desktop/SpaceShooter/SpaceShooter_HannaHolovenkina/HannaHolovenkina_3/Saved/Config/Windows/Engine.ini]
[2023.11.25-15.13.47:677][  0]LogConfig: Applying CVar settings from Section [ViewDistanceQuality@3] File [C:/Users/Hanna/Desktop/SpaceShooter/SpaceShooter_HannaHolovenkina/HannaHolovenkina_3/Saved/Config/Windows/Scalability.ini]
[2023.11.25-15.13.47:677][  0]LogConfig: Setting CVar [[r.SkeletalMeshLODBias:0]]
[2023.11.25-15.13.47:677][  0]LogConfig: Setting CVar [[r.ViewDistanceScale:1.0]]
[2023.11.25-15.13.47:677][  0]LogConfig: Applying CVar settings from Section [AntiAliasingQuality@3] File [C:/Users/Hanna/Desktop/SpaceShooter/SpaceShooter_HannaHolovenkina/HannaHolovenkina_3/Saved/Config/Windows/Scalability.ini]
[2023.11.25-15.13.47:677][  0]LogConfig: Setting CVar [[r.PostProcessAAQuality:4]]
[2023.11.25-15.13.47:677][  0]LogConfig: Applying CVar settings from Section [ShadowQuality@3] File [C:/Users/Hanna/Desktop/SpaceShooter/SpaceShooter_HannaHolovenkina/HannaHolovenkina_3/Saved/Config/Windows/Scalability.ini]
[2023.11.25-15.13.47:677][  0]LogConfig: Setting CVar [[r.LightFunctionQuality:1]]
[2023.11.25-15.13.47:677][  0]LogConfig: Setting CVar [[r.ShadowQuality:5]]
[2023.11.25-15.13.47:677][  0]LogConfig: Setting CVar [[r.Shadow.CSM.MaxCascades:10]]
[2023.11.25-15.13.47:677][  0]LogConfig: Setting CVar [[r.Shadow.MaxResolution:2048]]
[2023.11.25-15.13.47:677][  0]LogConfig: Setting CVar [[r.Shadow.MaxCSMResolution:2048]]
[2023.11.25-15.13.47:677][  0]LogConfig: Setting CVar [[r.Shadow.RadiusThreshold:0.01]]
[2023.11.25-15.13.47:677][  0]LogConfig: Setting CVar [[r.Shadow.DistanceScale:1.0]]
[2023.11.25-15.13.47:677][  0]LogConfig: Setting CVar [[r.Shadow.CSM.TransitionScale:1.0]]
[2023.11.25-15.13.47:677][  0]LogConfig: Setting CVar [[r.Shadow.PreShadowResolutionFactor:1.0]]
[2023.11.25-15.13.47:677][  0]LogConfig: Setting CVar [[r.DistanceFieldShadowing:1]]
[2023.11.25-15.13.47:677][  0]LogConfig: Setting CVar [[r.DistanceFieldAO:1]]
[2023.11.25-15.13.47:677][  0]LogConfig: Setting CVar [[r.AOQuality:2]]
[2023.11.25-15.13.47:677][  0]LogConfig: Setting CVar [[r.VolumetricFog:1]]
[2023.11.25-15.13.47:677][  0]LogConfig: Setting CVar [[r.VolumetricFog.GridPixelSize:8]]
[2023.11.25-15.13.47:677][  0]LogConfig: Setting CVar [[r.VolumetricFog.GridSizeZ:128]]
[2023.11.25-15.13.47:677][  0]LogConfig: Setting CVar [[r.VolumetricFog.HistoryMissSupersampleCount:4]]
[2023.11.25-15.13.47:677][  0]LogConfig: Setting CVar [[r.LightMaxDrawDistanceScale:1]]
[2023.11.25-15.13.47:677][  0]LogConfig: Setting CVar [[r.CapsuleShadows:1]]
[2023.11.25-15.13.47:677][  0]LogConfig: Applying CVar settings from Section [PostProcessQuality@3] File [C:/Users/Hanna/Desktop/SpaceShooter/SpaceShooter_HannaHolovenkina/HannaHolovenkina_3/Saved/Config/Windows/Scalability.ini]
[2023.11.25-15.13.47:677][  0]LogConfig: Setting CVar [[r.MotionBlurQuality:4]]
[2023.11.25-15.13.47:677][  0]LogConfig: Setting CVar [[r.AmbientOcclusionMipLevelFactor:0.4]]
[2023.11.25-15.13.47:677][  0]LogConfig: Setting CVar [[r.AmbientOcclusionMaxQuality:100]]
[2023.11.25-15.13.47:677][  0]LogConfig: Setting CVar [[r.AmbientOcclusionLevels:-1]]
[2023.11.25-15.13.47:677][  0]LogConfig: Setting CVar [[r.AmbientOcclusionRadiusScale:1.0]]
[2023.11.25-15.13.47:677][  0]LogConfig: Setting CVar [[r.DepthOfFieldQuality:2]]
[2023.11.25-15.13.47:677][  0]LogConfig: Setting CVar [[r.RenderTargetPoolMin:400]]
[2023.11.25-15.13.47:677][  0]LogConfig: Setting CVar [[r.LensFlareQuality:2]]
[2023.11.25-15.13.47:677][  0]LogConfig: Setting CVar [[r.SceneColorFringeQuality:1]]
[2023.11.25-15.13.47:677][  0]LogConfig: Setting CVar [[r.EyeAdaptationQuality:2]]
[2023.11.25-15.13.47:677][  0]LogConfig: Setting CVar [[r.BloomQuality:5]]
[2023.11.25-15.13.47:677][  0]LogConfig: Setting CVar [[r.FastBlurThreshold:100]]
[2023.11.25-15.13.47:677][  0]LogConfig: Setting CVar [[r.Upscale.Quality:3]]
[2023.11.25-15.13.47:677][  0]LogConfig: Setting CVar [[r.Tonemapper.GrainQuantization:1]]
[2023.11.25-15.13.47:677][  0]LogConfig: Setting CVar [[r.LightShaftQuality:1]]
[2023.11.25-15.13.47:677][  0]LogConfig: Setting CVar [[r.Filter.SizeScale:1]]
[2023.11.25-15.13.47:677][  0]LogConfig: Setting CVar [[r.Tonemapper.Quality:5]]
[2023.11.25-15.13.47:677][  0]LogConfig: Setting CVar [[r.DOF.Gather.AccumulatorQuality:1        ; higher gathering accumulator quality]]
[2023.11.25-15.13.47:677][  0]LogConfig: Setting CVar [[r.DOF.Gather.PostfilterMethod:1          ; Median3x3 postfilering method]]
[2023.11.25-15.13.47:677][  0]LogConfig: Setting CVar [[r.DOF.Gather.EnableBokehSettings:0       ; no bokeh simulation when gathering]]
[2023.11.25-15.13.47:677][  0]LogConfig: Setting CVar [[r.DOF.Gather.RingCount:4                 ; medium number of samples when gathering]]
[2023.11.25-15.13.47:677][  0]LogConfig: Setting CVar [[r.DOF.Scatter.ForegroundCompositing:1    ; additive foreground scattering]]
[2023.11.25-15.13.47:677][  0]LogConfig: Setting CVar [[r.DOF.Scatter.BackgroundCompositing:2    ; additive background scattering]]
[2023.11.25-15.13.47:677][  0]LogConfig: Setting CVar [[r.DOF.Scatter.EnableBokehSettings:1      ; bokeh simulation when scattering]]
[2023.11.25-15.13.47:677][  0]LogConfig: Setting CVar [[r.DOF.Scatter.MaxSpriteRatio:0.1         ; only a maximum of 10% of scattered bokeh]]
[2023.11.25-15.13.47:677][  0]LogConfig: Setting CVar [[r.DOF.Recombine.Quality:1                ; cheap slight out of focus]]
[2023.11.25-15.13.47:677][  0]LogConfig: Setting CVar [[r.DOF.Recombine.EnableBokehSettings:0    ; no bokeh simulation on slight out of focus]]
[2023.11.25-15.13.47:677][  0]LogConfig: Setting CVar [[r.DOF.TemporalAAQuality:1                ; more stable temporal accumulation]]
[2023.11.25-15.13.47:677][  0]LogConfig: Setting CVar [[r.DOF.Kernel.MaxForegroundRadius:0.025]]
[2023.11.25-15.13.47:677][  0]LogConfig: Setting CVar [[r.DOF.Kernel.MaxBackgroundRadius:0.025]]
[2023.11.25-15.13.47:677][  0]LogConfig: Applying CVar settings from Section [TextureQuality@3] File [C:/Users/Hanna/Desktop/SpaceShooter/SpaceShooter_HannaHolovenkina/HannaHolovenkina_3/Saved/Config/Windows/Scalability.ini]
[2023.11.25-15.13.47:677][  0]LogConfig: Setting CVar [[r.Streaming.MipBias:0]]
[2023.11.25-15.13.47:677][  0]LogConfig: Setting CVar [[r.Streaming.AmortizeCPUToGPUCopy:0]]
[2023.11.25-15.13.47:677][  0]LogConfig: Setting CVar [[r.Streaming.MaxNumTexturesToStreamPerFrame:0]]
[2023.11.25-15.13.47:677][  0]LogConfig: Setting CVar [[r.Streaming.Boost:1]]
[2023.11.25-15.13.47:677][  0]LogConfig: Setting CVar [[r.MaxAnisotropy:8]]
[2023.11.25-15.13.47:677][  0]LogConfig: Setting CVar [[r.VT.MaxAnisotropy:8]]
[2023.11.25-15.13.47:677][  0]LogConfig: Setting CVar [[r.Streaming.LimitPoolSizeToVRAM:0]]
[2023.11.25-15.13.47:677][  0]LogConfig: Setting CVar [[r.Streaming.PoolSize:1000]]
[2023.11.25-15.13.47:677][  0]LogConfig: Setting CVar [[r.Streaming.MaxEffectiveScreenSize:0]]
[2023.11.25-15.13.47:677][  0]LogConfig: Applying CVar settings from Section [EffectsQuality@3] File [C:/Users/Hanna/Desktop/SpaceShooter/SpaceShooter_HannaHolovenkina/HannaHolovenkina_3/Saved/Config/Windows/Scalability.ini]
[2023.11.25-15.13.47:677][  0]LogConfig: Setting CVar [[r.TranslucencyLightingVolumeDim:64]]
[2023.11.25-15.13.47:677][  0]LogConfig: Setting CVar [[r.RefractionQuality:2]]
[2023.11.25-15.13.47:677][  0]LogConfig: Setting CVar [[r.SSR.Quality:3]]
[2023.11.25-15.13.47:677][  0]LogConfig: Setting CVar [[r.SSR.HalfResSceneColor:0]]
[2023.11.25-15.13.47:677][  0]LogConfig: Setting CVar [[r.SceneColorFormat:4]]
[2023.11.25-15.13.47:677][  0]LogConfig: Setting CVar [[r.DetailMode:2]]
[2023.11.25-15.13.47:677][  0]LogConfig: Setting CVar [[r.TranslucencyVolumeBlur:1]]
[2023.11.25-15.13.47:678][  0]LogConfig: Setting CVar [[r.MaterialQualityLevel:1 ; High quality]]
[2023.11.25-15.13.47:678][  0]LogConfig: Setting CVar [[r.AnisotropicMaterials:1]]
[2023.11.25-15.13.47:678][  0]LogConfig: Setting CVar [[r.SSS.Scale:1]]
[2023.11.25-15.13.47:678][  0]LogConfig: Setting CVar [[r.SSS.SampleSet:2]]
[2023.11.25-15.13.47:678][  0]LogConfig: Setting CVar [[r.SSS.Quality:1]]
[2023.11.25-15.13.47:678][  0]LogConfig: Setting CVar [[r.SSS.HalfRes:0]]
[2023.11.25-15.13.47:678][  0]LogConfig: Setting CVar [[r.SSGI.Quality:3]]
[2023.11.25-15.13.47:678][  0]LogConfig: Setting CVar [[r.EmitterSpawnRateScale:1.0]]
[2023.11.25-15.13.47:678][  0]LogConfig: Setting CVar [[r.ParticleLightQuality:2]]
[2023.11.25-15.13.47:678][  0]LogConfig: Setting CVar [[r.SkyAtmosphere.AerialPerspectiveLUT.FastApplyOnOpaque:1 ; Always have FastSkyLUT 1 in this case to avoid wrong sky]]
[2023.11.25-15.13.47:678][  0]LogConfig: Setting CVar [[r.SkyAtmosphere.AerialPerspectiveLUT.SampleCountMaxPerSlice:4]]
[2023.11.25-15.13.47:678][  0]LogConfig: Setting CVar [[r.SkyAtmosphere.AerialPerspectiveLUT.DepthResolution:16.0]]
[2023.11.25-15.13.47:678][  0]LogConfig: Setting CVar [[r.SkyAtmosphere.FastSkyLUT:1]]
[2023.11.25-15.13.47:678][  0]LogConfig: Setting CVar [[r.SkyAtmosphere.FastSkyLUT.SampleCountMin:4.0]]
[2023.11.25-15.13.47:678][  0]LogConfig: Setting CVar [[r.SkyAtmosphere.FastSkyLUT.SampleCountMax:128.0]]
[2023.11.25-15.13.47:678][  0]LogConfig: Setting CVar [[r.SkyAtmosphere.SampleCountMin:4.0]]
[2023.11.25-15.13.47:678][  0]LogConfig: Setting CVar [[r.SkyAtmosphere.SampleCountMax:128.0]]
[2023.11.25-15.13.47:678][  0]LogConfig: Setting CVar [[r.SkyAtmosphere.TransmittanceLUT.UseSmallFormat:0]]
[2023.11.25-15.13.47:678][  0]LogConfig: Setting CVar [[r.SkyAtmosphere.TransmittanceLUT.SampleCount:10.0]]
[2023.11.25-15.13.47:678][  0]LogConfig: Setting CVar [[r.SkyAtmosphere.MultiScatteringLUT.SampleCount:15.0]]
[2023.11.25-15.13.47:678][  0]LogConfig: Setting CVar [[r.SkyLight.RealTimeReflectionCapture:1]]
[2023.11.25-15.13.47:678][  0]LogConfig: Applying CVar settings from Section [FoliageQuality@3] File [C:/Users/Hanna/Desktop/SpaceShooter/SpaceShooter_HannaHolovenkina/HannaHolovenkina_3/Saved/Config/Windows/Scalability.ini]
[2023.11.25-15.13.47:678][  0]LogConfig: Setting CVar [[foliage.DensityScale:1.0]]
[2023.11.25-15.13.47:678][  0]LogConfig: Setting CVar [[grass.DensityScale:1.0]]
[2023.11.25-15.13.47:678][  0]LogConfig: Applying CVar settings from Section [ShadingQuality@3] File [C:/Users/Hanna/Desktop/SpaceShooter/SpaceShooter_HannaHolovenkina/HannaHolovenkina_3/Saved/Config/Windows/Scalability.ini]
[2023.11.25-15.13.47:678][  0]LogConfig: Setting CVar [[r.HairStrands.SkyLighting.IntegrationType:2]]
[2023.11.25-15.13.47:678][  0]LogConfig: Setting CVar [[r.HairStrands.SkyAO.SampleCount:4]]
[2023.11.25-15.13.47:678][  0]LogConfig: Setting CVar [[r.HairStrands.Visibility.MSAA.SamplePerPixel:4]]
[2023.11.25-15.13.47:678][  0]LogInit: Selected Device Profile: [Windows]
[2023.11.25-15.13.47:678][  0]LogInit: Applying CVar settings loaded from the selected device profile: [Windows]
[2023.11.25-15.13.47:678][  0]LogHAL: Display: Platform has ~ 8 GB [8294158336 / 8589934592 / 8], which maps to Default [LargestMinGB=32, LargerMinGB=12, DefaultMinGB=8, SmallerMinGB=6, SmallestMinGB=0)
[2023.11.25-15.13.47:678][  0]LogInit: Going up to parent DeviceProfile []
[2023.11.25-15.13.47:678][  0]LogConfig: Applying CVar settings from Section [ViewDistanceQuality@3] File [C:/Users/Hanna/Desktop/SpaceShooter/SpaceShooter_HannaHolovenkina/HannaHolovenkina_3/Saved/Config/Windows/Scalability.ini]
[2023.11.25-15.13.47:678][  0]LogConfig: Setting CVar [[r.SkeletalMeshLODBias:0]]
[2023.11.25-15.13.47:678][  0]LogConfig: Setting CVar [[r.ViewDistanceScale:1.0]]
[2023.11.25-15.13.47:678][  0]LogConfig: Applying CVar settings from Section [AntiAliasingQuality@3] File [C:/Users/Hanna/Desktop/SpaceShooter/SpaceShooter_HannaHolovenkina/HannaHolovenkina_3/Saved/Config/Windows/Scalability.ini]
[2023.11.25-15.13.47:678][  0]LogConfig: Setting CVar [[r.PostProcessAAQuality:4]]
[2023.11.25-15.13.47:678][  0]LogConfig: Applying CVar settings from Section [ShadowQuality@3] File [C:/Users/Hanna/Desktop/SpaceShooter/SpaceShooter_HannaHolovenkina/HannaHolovenkina_3/Saved/Config/Windows/Scalability.ini]
[2023.11.25-15.13.47:678][  0]LogConfig: Setting CVar [[r.LightFunctionQuality:1]]
[2023.11.25-15.13.47:678][  0]LogConfig: Setting CVar [[r.ShadowQuality:5]]
[2023.11.25-15.13.47:678][  0]LogConfig: Setting CVar [[r.Shadow.CSM.MaxCascades:10]]
[2023.11.25-15.13.47:678][  0]LogConfig: Setting CVar [[r.Shadow.MaxResolution:2048]]
[2023.11.25-15.13.47:678][  0]LogConfig: Setting CVar [[r.Shadow.MaxCSMResolution:2048]]
[2023.11.25-15.13.47:678][  0]LogConfig: Setting CVar [[r.Shadow.RadiusThreshold:0.01]]
[2023.11.25-15.13.47:678][  0]LogConfig: Setting CVar [[r.Shadow.DistanceScale:1.0]]
[2023.11.25-15.13.47:678][  0]LogConfig: Setting CVar [[r.Shadow.CSM.TransitionScale:1.0]]
[2023.11.25-15.13.47:678][  0]LogConfig: Setting CVar [[r.Shadow.PreShadowResolutionFactor:1.0]]
[2023.11.25-15.13.47:678][  0]LogConfig: Setting CVar [[r.DistanceFieldShadowing:1]]
[2023.11.25-15.13.47:678][  0]LogConfig: Setting CVar [[r.DistanceFieldAO:1]]
[2023.11.25-15.13.47:678][  0]LogConfig: Setting CVar [[r.AOQuality:2]]
[2023.11.25-15.13.47:678][  0]LogConfig: Setting CVar [[r.VolumetricFog:1]]
[2023.11.25-15.13.47:678][  0]LogConfig: Setting CVar [[r.VolumetricFog.GridPixelSize:8]]
[2023.11.25-15.13.47:678][  0]LogConfig: Setting CVar [[r.VolumetricFog.GridSizeZ:128]]
[2023.11.25-15.13.47:678][  0]LogConfig: Setting CVar [[r.VolumetricFog.HistoryMissSupersampleCount:4]]
[2023.11.25-15.13.47:678][  0]LogConfig: Setting CVar [[r.LightMaxDrawDistanceScale:1]]
[2023.11.25-15.13.47:678][  0]LogConfig: Setting CVar [[r.CapsuleShadows:1]]
[2023.11.25-15.13.47:678][  0]LogConfig: Applying CVar settings from Section [PostProcessQuality@3] File [C:/Users/Hanna/Desktop/SpaceShooter/SpaceShooter_HannaHolovenkina/HannaHolovenkina_3/Saved/Config/Windows/Scalability.ini]
[2023.11.25-15.13.47:678][  0]LogConfig: Setting CVar [[r.MotionBlurQuality:4]]
[2023.11.25-15.13.47:678][  0]LogConfig: Setting CVar [[r.AmbientOcclusionMipLevelFactor:0.4]]
[2023.11.25-15.13.47:678][  0]LogConfig: Setting CVar [[r.AmbientOcclusionMaxQuality:100]]
[2023.11.25-15.13.47:678][  0]LogConfig: Setting CVar [[r.AmbientOcclusionLevels:-1]]
[2023.11.25-15.13.47:678][  0]LogConfig: Setting CVar [[r.AmbientOcclusionRadiusScale:1.0]]
[2023.11.25-15.13.47:678][  0]LogConfig: Setting CVar [[r.DepthOfFieldQuality:2]]
[2023.11.25-15.13.47:678][  0]LogConfig: Setting CVar [[r.RenderTargetPoolMin:400]]
[2023.11.25-15.13.47:678][  0]LogConfig: Setting CVar [[r.LensFlareQuality:2]]
[2023.11.25-15.13.47:678][  0]LogConfig: Setting CVar [[r.SceneColorFringeQuality:1]]
[2023.11.25-15.13.47:678][  0]LogConfig: Setting CVar [[r.EyeAdaptationQuality:2]]
[2023.11.25-15.13.47:678][  0]LogConfig: Setting CVar [[r.BloomQuality:5]]
[2023.11.25-15.13.47:678][  0]LogConfig: Setting CVar [[r.FastBlurThreshold:100]]
[2023.11.25-15.13.47:678][  0]LogConfig: Setting CVar [[r.Upscale.Quality:3]]
[2023.11.25-15.13.47:678][  0]LogConfig: Setting CVar [[r.Tonemapper.GrainQuantization:1]]
[2023.11.25-15.13.47:678][  0]LogConfig: Setting CVar [[r.LightShaftQuality:1]]
[2023.11.25-15.13.47:678][  0]LogConfig: Setting CVar [[r.Filter.SizeScale:1]]
[2023.11.25-15.13.47:678][  0]LogConfig: Setting CVar [[r.Tonemapper.Quality:5]]
[2023.11.25-15.13.47:678][  0]LogConfig: Setting CVar [[r.DOF.Gather.AccumulatorQuality:1        ; higher gathering accumulator quality]]
[2023.11.25-15.13.47:678][  0]LogConfig: Setting CVar [[r.DOF.Gather.PostfilterMethod:1          ; Median3x3 postfilering method]]
[2023.11.25-15.13.47:678][  0]LogConfig: Setting CVar [[r.DOF.Gather.EnableBokehSettings:0       ; no bokeh simulation when gathering]]
[2023.11.25-15.13.47:678][  0]LogConfig: Setting CVar [[r.DOF.Gather.RingCount:4                 ; medium number of samples when gathering]]
[2023.11.25-15.13.47:679][  0]LogConfig: Setting CVar [[r.DOF.Scatter.ForegroundCompositing:1    ; additive foreground scattering]]
[2023.11.25-15.13.47:679][  0]LogConfig: Setting CVar [[r.DOF.Scatter.BackgroundCompositing:2    ; additive background scattering]]
[2023.11.25-15.13.47:679][  0]LogConfig: Setting CVar [[r.DOF.Scatter.EnableBokehSettings:1      ; bokeh simulation when scattering]]
[2023.11.25-15.13.47:679][  0]LogConfig: Setting CVar [[r.DOF.Scatter.MaxSpriteRatio:0.1         ; only a maximum of 10% of scattered bokeh]]
[2023.11.25-15.13.47:679][  0]LogConfig: Setting CVar [[r.DOF.Recombine.Quality:1                ; cheap slight out of focus]]
[2023.11.25-15.13.47:679][  0]LogConfig: Setting CVar [[r.DOF.Recombine.EnableBokehSettings:0    ; no bokeh simulation on slight out of focus]]
[2023.11.25-15.13.47:679][  0]LogConfig: Setting CVar [[r.DOF.TemporalAAQuality:1                ; more stable temporal accumulation]]
[2023.11.25-15.13.47:679][  0]LogConfig: Setting CVar [[r.DOF.Kernel.MaxForegroundRadius:0.025]]
[2023.11.25-15.13.47:679][  0]LogConfig: Setting CVar [[r.DOF.Kernel.MaxBackgroundRadius:0.025]]
[2023.11.25-15.13.47:679][  0]LogConfig: Applying CVar settings from Section [TextureQuality@3] File [C:/Users/Hanna/Desktop/SpaceShooter/SpaceShooter_HannaHolovenkina/HannaHolovenkina_3/Saved/Config/Windows/Scalability.ini]
[2023.11.25-15.13.47:679][  0]LogConfig: Setting CVar [[r.Streaming.MipBias:0]]
[2023.11.25-15.13.47:679][  0]LogConfig: Setting CVar [[r.Streaming.AmortizeCPUToGPUCopy:0]]
[2023.11.25-15.13.47:679][  0]LogConfig: Setting CVar [[r.Streaming.MaxNumTexturesToStreamPerFrame:0]]
[2023.11.25-15.13.47:679][  0]LogConfig: Setting CVar [[r.Streaming.Boost:1]]
[2023.11.25-15.13.47:679][  0]LogConfig: Setting CVar [[r.MaxAnisotropy:8]]
[2023.11.25-15.13.47:679][  0]LogConfig: Setting CVar [[r.VT.MaxAnisotropy:8]]
[2023.11.25-15.13.47:679][  0]LogConfig: Setting CVar [[r.Streaming.LimitPoolSizeToVRAM:0]]
[2023.11.25-15.13.47:679][  0]LogConfig: Setting CVar [[r.Streaming.PoolSize:1000]]
[2023.11.25-15.13.47:679][  0]LogConfig: Setting CVar [[r.Streaming.MaxEffectiveScreenSize:0]]
[2023.11.25-15.13.47:679][  0]LogConfig: Applying CVar settings from Section [EffectsQuality@3] File [C:/Users/Hanna/Desktop/SpaceShooter/SpaceShooter_HannaHolovenkina/HannaHolovenkina_3/Saved/Config/Windows/Scalability.ini]
[2023.11.25-15.13.47:679][  0]LogConfig: Setting CVar [[r.TranslucencyLightingVolumeDim:64]]
[2023.11.25-15.13.47:679][  0]LogConfig: Setting CVar [[r.RefractionQuality:2]]
[2023.11.25-15.13.47:679][  0]LogConfig: Setting CVar [[r.SSR.Quality:3]]
[2023.11.25-15.13.47:679][  0]LogConfig: Setting CVar [[r.SSR.HalfResSceneColor:0]]
[2023.11.25-15.13.47:679][  0]LogConfig: Setting CVar [[r.SceneColorFormat:4]]
[2023.11.25-15.13.47:679][  0]LogConfig: Setting CVar [[r.DetailMode:2]]
[2023.11.25-15.13.47:679][  0]LogConfig: Setting CVar [[r.TranslucencyVolumeBlur:1]]
[2023.11.25-15.13.47:679][  0]LogConfig: Setting CVar [[r.MaterialQualityLevel:1 ; High quality]]
[2023.11.25-15.13.47:679][  0]LogConfig: Setting CVar [[r.AnisotropicMaterials:1]]
[2023.11.25-15.13.47:679][  0]LogConfig: Setting CVar [[r.SSS.Scale:1]]
[2023.11.25-15.13.47:679][  0]LogConfig: Setting CVar [[r.SSS.SampleSet:2]]
[2023.11.25-15.13.47:679][  0]LogConfig: Setting CVar [[r.SSS.Quality:1]]
[2023.11.25-15.13.47:679][  0]LogConfig: Setting CVar [[r.SSS.HalfRes:0]]
[2023.11.25-15.13.47:679][  0]LogConfig: Setting CVar [[r.SSGI.Quality:3]]
[2023.11.25-15.13.47:679][  0]LogConfig: Setting CVar [[r.EmitterSpawnRateScale:1.0]]
[2023.11.25-15.13.47:679][  0]LogConfig: Setting CVar [[r.ParticleLightQuality:2]]
[2023.11.25-15.13.47:679][  0]LogConfig: Setting CVar [[r.SkyAtmosphere.AerialPerspectiveLUT.FastApplyOnOpaque:1 ; Always have FastSkyLUT 1 in this case to avoid wrong sky]]
[2023.11.25-15.13.47:679][  0]LogConfig: Setting CVar [[r.SkyAtmosphere.AerialPerspectiveLUT.SampleCountMaxPerSlice:4]]
[2023.11.25-15.13.47:679][  0]LogConfig: Setting CVar [[r.SkyAtmosphere.AerialPerspectiveLUT.DepthResolution:16.0]]
[2023.11.25-15.13.47:679][  0]LogConfig: Setting CVar [[r.SkyAtmosphere.FastSkyLUT:1]]
[2023.11.25-15.13.47:679][  0]LogConfig: Setting CVar [[r.SkyAtmosphere.FastSkyLUT.SampleCountMin:4.0]]
[2023.11.25-15.13.47:679][  0]LogConfig: Setting CVar [[r.SkyAtmosphere.FastSkyLUT.SampleCountMax:128.0]]
[2023.11.25-15.13.47:679][  0]LogConfig: Setting CVar [[r.SkyAtmosphere.SampleCountMin:4.0]]
[2023.11.25-15.13.47:679][  0]LogConfig: Setting CVar [[r.SkyAtmosphere.SampleCountMax:128.0]]
[2023.11.25-15.13.47:679][  0]LogConfig: Setting CVar [[r.SkyAtmosphere.TransmittanceLUT.UseSmallFormat:0]]
[2023.11.25-15.13.47:679][  0]LogConfig: Setting CVar [[r.SkyAtmosphere.TransmittanceLUT.SampleCount:10.0]]
[2023.11.25-15.13.47:679][  0]LogConfig: Setting CVar [[r.SkyAtmosphere.MultiScatteringLUT.SampleCount:15.0]]
[2023.11.25-15.13.47:679][  0]LogConfig: Setting CVar [[r.SkyLight.RealTimeReflectionCapture:1]]
[2023.11.25-15.13.47:679][  0]LogConfig: Applying CVar settings from Section [FoliageQuality@3] File [C:/Users/Hanna/Desktop/SpaceShooter/SpaceShooter_HannaHolovenkina/HannaHolovenkina_3/Saved/Config/Windows/Scalability.ini]
[2023.11.25-15.13.47:679][  0]LogConfig: Setting CVar [[foliage.DensityScale:1.0]]
[2023.11.25-15.13.47:679][  0]LogConfig: Setting CVar [[grass.DensityScale:1.0]]
[2023.11.25-15.13.47:679][  0]LogConfig: Applying CVar settings from Section [ShadingQuality@3] File [C:/Users/Hanna/Desktop/SpaceShooter/SpaceShooter_HannaHolovenkina/HannaHolovenkina_3/Saved/Config/Windows/Scalability.ini]
[2023.11.25-15.13.47:679][  0]LogConfig: Setting CVar [[r.HairStrands.SkyLighting.IntegrationType:2]]
[2023.11.25-15.13.47:679][  0]LogConfig: Setting CVar [[r.HairStrands.SkyAO.SampleCount:4]]
[2023.11.25-15.13.47:679][  0]LogConfig: Setting CVar [[r.HairStrands.Visibility.MSAA.SamplePerPixel:4]]
[2023.11.25-15.13.47:679][  0]LogConfig: Applying CVar settings from Section [Startup] File [../../../Engine/Config/ConsoleVariables.ini]
[2023.11.25-15.13.47:680][  0]LogConfig: Setting CVar [[net.UseAdaptiveNetUpdateFrequency:0]]
[2023.11.25-15.13.47:680][  0]LogConfig: Setting CVar [[p.chaos.AllowCreatePhysxBodies:1]]
[2023.11.25-15.13.47:680][  0]LogConfig: Setting CVar [[fx.SkipVectorVMBackendOptimizations:1]]
[2023.11.25-15.13.47:680][  0]LogConfig: Applying CVar settings from Section [ConsoleVariables] File [C:/Users/Hanna/Desktop/SpaceShooter/SpaceShooter_HannaHolovenkina/HannaHolovenkina_3/Saved/Config/Windows/Engine.ini]
[2023.11.25-15.13.47:680][  0]LogConfig: Applying CVar settings from Section [ConsoleVariables] File [C:/Users/Hanna/Desktop/SpaceShooter/SpaceShooter_HannaHolovenkina/HannaHolovenkina_3/Saved/Config/Windows/Editor.ini]
[2023.11.25-15.13.47:680][  0]LogInit: Computer: DESKTOP-02OBMKA
[2023.11.25-15.13.47:680][  0]LogInit: User: Hanna
[2023.11.25-15.13.47:680][  0]LogInit: CPU Page size=4096, Cores=2
[2023.11.25-15.13.47:680][  0]LogInit: High frequency timer resolution =10.000000 MHz
[2023.11.25-15.13.47:680][  0]LogMemory: Memory total: Physical=7.7GB (8GB approx)
[2023.11.25-15.13.47:680][  0]LogMemory: Platform Memory Stats for Windows
[2023.11.25-15.13.47:680][  0]LogMemory: Process Physical Memory: 148.67 MB used, 148.67 MB peak
[2023.11.25-15.13.47:680][  0]LogMemory: Process Virtual Memory: 121.07 MB used, 121.07 MB peak
[2023.11.25-15.13.47:680][  0]LogMemory: Physical Memory: 5862.15 MB used,  2047.78 MB free, 7909.93 MB total
[2023.11.25-15.13.47:680][  0]LogMemory: Virtual Memory: 134211368.00 MB used,  6363.38 MB free, 134217728.00 MB total
[2023.11.25-15.13.47:689][  0]LogWindows: WindowsPlatformFeatures enabled
[2023.11.25-15.13.47:754][  0]LogInit: Physics initialised using underlying interface: PhysX
[2023.11.25-15.13.47:757][  0]LogInit: Using OS detected language (uk-UA).
[2023.11.25-15.13.47:757][  0]LogInit: Using OS detected locale (uk-UA).
[2023.11.25-15.13.47:765][  0]LogTextLocalizationManager: No localization for 'uk-UA' exists, so 'en' will be used for the language.
[2023.11.25-15.13.48:114][  0]LogInit: Setting process to per monitor DPI aware
[2023.11.25-15.13.48:130][  0]LogWindowsTextInputMethodSystem: Display: IME system deactivated.
[2023.11.25-15.13.48:159][  0]LogSlate: New Slate User Created.  User Index 0, Is Virtual User: 0
[2023.11.25-15.13.48:159][  0]LogSlate: Slate User Registered.  User Index 0, Is Virtual User: 0
[2023.11.25-15.13.48:536][  0]LogD3D11RHI: Loaded GFSDK_Aftermath_Lib.x64.dll
[2023.11.25-15.13.48:603][  0]LogHMD: Failed to initialize OpenVR with code 110
[2023.11.25-15.13.48:603][  0]LogD3D11RHI: D3D11 min allowed feature level: 11_0
[2023.11.25-15.13.48:604][  0]LogD3D11RHI: D3D11 max allowed feature level: 11_0
[2023.11.25-15.13.48:604][  0]LogD3D11RHI: D3D11 adapters:
[2023.11.25-15.13.49:283][  0]LogD3D11RHI:    0. 'NVIDIA GeForce MX250' (Feature Level 11_0)
[2023.11.25-15.13.49:283][  0]LogD3D11RHI:       1983/0/3954 MB DedicatedVideo/DedicatedSystem/SharedSystem, Outputs:1, VendorId:0x10de
[2023.11.25-15.13.49:311][  0]LogD3D11RHI:    1. 'Intel(R) UHD Graphics' (Feature Level 11_0)
[2023.11.25-15.13.49:311][  0]LogD3D11RHI:       128/0/3954 MB DedicatedVideo/DedicatedSystem/SharedSystem, Outputs:0, VendorId:0x8086
[2023.11.25-15.13.49:318][  0]LogD3D11RHI:    2. 'Microsoft Basic Render Driver' (Feature Level 11_0)
[2023.11.25-15.13.49:318][  0]LogD3D11RHI:       0/0/3954 MB DedicatedVideo/DedicatedSystem/SharedSystem, Outputs:0, VendorId:0x1414
[2023.11.25-15.13.49:318][  0]LogD3D11RHI: Chosen D3D11 Adapter:
[2023.11.25-15.13.49:318][  0]LogD3D11RHI:     Description : NVIDIA GeForce MX250
[2023.11.25-15.13.49:318][  0]LogD3D11RHI:     VendorId    : 10de
[2023.11.25-15.13.49:318][  0]LogD3D11RHI:     DeviceId    : 1d13
[2023.11.25-15.13.49:318][  0]LogD3D11RHI:     SubSysId    : 13451025
[2023.11.25-15.13.49:318][  0]LogD3D11RHI:     Revision    : 00a1
[2023.11.25-15.13.49:318][  0]LogD3D11RHI:     DedicatedVideoMemory : 2080108544 bytes
[2023.11.25-15.13.49:318][  0]LogD3D11RHI:     DedicatedSystemMemory : 0 bytes
[2023.11.25-15.13.49:318][  0]LogD3D11RHI:     SharedSystemMemory : 4147079168 bytes
[2023.11.25-15.13.49:318][  0]LogD3D11RHI:     AdapterLuid : 0 58353
[2023.11.25-15.13.49:324][  0]LogD3D11RHI: Creating new Direct3DDevice
[2023.11.25-15.13.49:324][  0]LogD3D11RHI:     GPU DeviceId: 0x1d13 (for the marketing name, search the web for "GPU Device Id")
[2023.11.25-15.13.49:324][  0]LogWindows: EnumDisplayDevices:
[2023.11.25-15.13.49:324][  0]LogWindows:    0. 'Intel(R) UHD Graphics' (P:1 D:1)
[2023.11.25-15.13.49:325][  0]LogWindows:    1. 'Intel(R) UHD Graphics' (P:0 D:0)
[2023.11.25-15.13.49:325][  0]LogWindows:    2. 'Intel(R) UHD Graphics' (P:0 D:0)
[2023.11.25-15.13.49:325][  0]LogWindows: DebugString: PrimaryIsNotTheChoosenAdapter PrimaryIsNotTheChoosenAdapter PrimaryIsNotTheChoosenAdapter FoundDriverCount:0 
[2023.11.25-15.13.49:325][  0]LogD3D11RHI:     Adapter Name: NVIDIA GeForce MX250
[2023.11.25-15.13.49:325][  0]LogD3D11RHI:   Driver Version: Unknown (internal:Unknown, unified:Unknown)
[2023.11.25-15.13.49:325][  0]LogD3D11RHI:      Driver Date: Unknown
[2023.11.25-15.13.49:325][  0]LogRHI: Texture pool is 1388 MB (70% of 1983 MB)
[2023.11.25-15.13.49:325][  0]LogD3D11RHI: Creating D3DDevice using adapter:
[2023.11.25-15.13.49:325][  0]LogD3D11RHI:     Description : NVIDIA GeForce MX250
[2023.11.25-15.13.49:325][  0]LogD3D11RHI:     VendorId    : 10de
[2023.11.25-15.13.49:325][  0]LogD3D11RHI:     DeviceId    : 1d13
[2023.11.25-15.13.49:325][  0]LogD3D11RHI:     SubSysId    : 13451025
[2023.11.25-15.13.49:325][  0]LogD3D11RHI:     Revision    : 00a1
[2023.11.25-15.13.49:325][  0]LogD3D11RHI:     DedicatedVideoMemory : 2080108544 bytes
[2023.11.25-15.13.49:325][  0]LogD3D11RHI:     DedicatedSystemMemory : 0 bytes
[2023.11.25-15.13.49:325][  0]LogD3D11RHI:     SharedSystemMemory : 4147079168 bytes
[2023.11.25-15.13.49:325][  0]LogD3D11RHI:     AdapterLuid : 0 58353
[2023.11.25-15.13.49:403][  0]LogD3D11RHI: RHI has support for 64 bit atomics
[2023.11.25-15.13.49:403][  0]LogD3D11RHI: Async texture creation enabled
[2023.11.25-15.13.49:403][  0]LogD3D11RHI: Array index from any shader is supported
[2023.11.25-15.13.49:426][  0]LogD3D11RHI: GPU Timing Frequency: 1000.000000 (Debug: 2 1)
[2023.11.25-15.13.49:504][  0]LogRHI: GeForceNow SDK initialized: 1
[2023.11.25-15.13.50:274][  0]LogTargetPlatformManager: Display: Loaded TargetPlatform 'AllDesktop'
[2023.11.25-15.13.50:309][  0]LogTargetPlatformManager: Display: Loaded TargetPlatform 'Android'
[2023.11.25-15.13.50:309][  0]LogTargetPlatformManager: Display: Loaded TargetPlatform 'Android_ASTC'
[2023.11.25-15.13.50:309][  0]LogTargetPlatformManager: Display: Loaded TargetPlatform 'Android_DXT'
[2023.11.25-15.13.50:309][  0]LogTargetPlatformManager: Display: Loaded TargetPlatform 'Android_ETC2'
[2023.11.25-15.13.50:309][  0]LogTargetPlatformManager: Display: Loaded TargetPlatform 'AndroidClient'
[2023.11.25-15.13.50:309][  0]LogTargetPlatformManager: Display: Loaded TargetPlatform 'Android_ASTCClient'
[2023.11.25-15.13.50:309][  0]LogTargetPlatformManager: Display: Loaded TargetPlatform 'Android_DXTClient'
[2023.11.25-15.13.50:309][  0]LogTargetPlatformManager: Display: Loaded TargetPlatform 'Android_ETC2Client'
[2023.11.25-15.13.50:309][  0]LogTargetPlatformManager: Display: Loaded TargetPlatform 'Android_Multi'
[2023.11.25-15.13.50:309][  0]LogTargetPlatformManager: Display: Loaded TargetPlatform 'Android_MultiClient'
[2023.11.25-15.13.50:339][  0]LogTargetPlatformManager: Display: Loaded TargetPlatform 'IOSClient'
[2023.11.25-15.13.50:339][  0]LogTargetPlatformManager: Display: Loaded TargetPlatform 'IOS'
[2023.11.25-15.13.50:355][  0]LogTargetPlatformManager: Display: Loaded TargetPlatform 'Linux'
[2023.11.25-15.13.50:363][  0]LogTargetPlatformManager: Display: Loaded TargetPlatform 'LinuxNoEditor'
[2023.11.25-15.13.50:372][  0]LogTargetPlatformManager: Display: Loaded TargetPlatform 'LinuxClient'
[2023.11.25-15.13.50:381][  0]LogTargetPlatformManager: Display: Loaded TargetPlatform 'LinuxServer'
[2023.11.25-15.13.50:394][  0]LogTargetPlatformManager: Display: Loaded TargetPlatform 'LinuxAArch64NoEditor'
[2023.11.25-15.13.50:403][  0]LogTargetPlatformManager: Display: Loaded TargetPlatform 'LinuxAArch64Client'
[2023.11.25-15.13.50:410][  0]LogTargetPlatformManager: Display: Loaded TargetPlatform 'LinuxAArch64Server'
[2023.11.25-15.13.50:443][  0]LogTargetPlatformManager: Display: Loaded TargetPlatform 'Lumin'
[2023.11.25-15.13.50:443][  0]LogTargetPlatformManager: Display: Loaded TargetPlatform 'LuminClient'
[2023.11.25-15.13.50:456][  0]LogTargetPlatformManager: Display: Loaded TargetPlatform 'MacNoEditor'
[2023.11.25-15.13.50:464][  0]LogTargetPlatformManager: Display: Loaded TargetPlatform 'Mac'
[2023.11.25-15.13.50:472][  0]LogTargetPlatformManager: Display: Loaded TargetPlatform 'MacClient'
[2023.11.25-15.13.50:483][  0]LogTargetPlatformManager: Display: Loaded TargetPlatform 'MacServer'
[2023.11.25-15.13.50:499][  0]LogTargetPlatformManager: Display: Loaded TargetPlatform 'TVOSClient'
[2023.11.25-15.13.50:499][  0]LogTargetPlatformManager: Display: Loaded TargetPlatform 'TVOS'
[2023.11.25-15.13.50:511][  0]LogTargetPlatformManager: Display: Loaded TargetPlatform 'WindowsNoEditor'
[2023.11.25-15.13.50:521][  0]LogTargetPlatformManager: Display: Loaded TargetPlatform 'Windows'
[2023.11.25-15.13.50:528][  0]LogTargetPlatformManager: Display: Loaded TargetPlatform 'WindowsClient'
[2023.11.25-15.13.50:537][  0]LogTargetPlatformManager: Display: Loaded TargetPlatform 'WindowsServer'
[2023.11.25-15.13.50:537][  0]LogTargetPlatformManager: Display: Building Assets For Windows
[2023.11.25-15.13.50:557][  0]LogAudioDebug: Display: Lib vorbis DLL was dynamically loaded.
[2023.11.25-15.13.50:627][  0]LogTextureFormatOodle: Display: Oodle Texture 2.9.0 init RDO Off
[2023.11.25-15.13.50:700][  0]LogRendererCore: Ray tracing is disabled. Reason: r.RayTracing=0.
[2023.11.25-15.13.50:700][  0]LogShaderCompilers: Guid format shader working directory is -54 characters bigger than the processId version (../../../../../../Users/Hanna/Desktop/SpaceShooter/SpaceShooter_HannaHolovenkina/HannaHolovenkina_3/Intermediate/Shaders/WorkingDirectory/16212/).
[2023.11.25-15.13.50:700][  0]LogShaderCompilers: Cleaned the shader compiler working directory 'C:/Users/Hanna/AppData/Local/Temp/UnrealShaderWorkingDir/AF9B114648ABDAB609E60882DD348D66/'.
[2023.11.25-15.13.50:700][  0]LogXGEController: Cannot use XGE Controller as Incredibuild is not installed on this machine.
[2023.11.25-15.13.50:700][  0]LogShaderCompilers: Cannot use XGE Shader Compiler as Incredibuild is not installed on this machine.
[2023.11.25-15.13.50:700][  0]LogShaderCompilers: Display: Using Local Shader Compiler.
[2023.11.25-15.13.51:958][  0]LogDerivedDataCache: Display: Max Cache Size: 512 MB
[2023.11.25-15.13.52:113][  0]LogDerivedDataCache: Loaded boot cache 0.16s 94MB C:/Users/Hanna/AppData/Local/UnrealEngine/4.27/DerivedDataCache/Boot.ddc.
[2023.11.25-15.13.52:113][  0]LogDerivedDataCache: Display: Loaded Boot cache: C:/Users/Hanna/AppData/Local/UnrealEngine/4.27/DerivedDataCache/Boot.ddc
[2023.11.25-15.13.52:113][  0]LogDerivedDataCache: FDerivedDataBackendGraph:  Pak pak cache file ../../../../../../Users/Hanna/Desktop/SpaceShooter/SpaceShooter_HannaHolovenkina/HannaHolovenkina_3/DerivedDataCache/DDC.ddp not found, will not use a pak cache.
[2023.11.25-15.13.52:113][  0]LogDerivedDataCache: Unable to find inner node Pak for hierarchical cache Hierarchy.
[2023.11.25-15.13.52:113][  0]LogDerivedDataCache: FDerivedDataBackendGraph:  CompressedPak pak cache file ../../../../../../Users/Hanna/Desktop/SpaceShooter/SpaceShooter_HannaHolovenkina/HannaHolovenkina_3/DerivedDataCache/Compressed.ddp not found, will not use a pak cache.
[2023.11.25-15.13.52:114][  0]LogDerivedDataCache: Unable to find inner node CompressedPak for hierarchical cache Hierarchy.
[2023.11.25-15.13.52:136][  0]LogDerivedDataCache: Display: Pak cache opened for reading ../../../Engine/DerivedDataCache/Compressed.ddp.
[2023.11.25-15.13.52:136][  0]LogDerivedDataCache: FDerivedDataBackendGraph:  EnterprisePak pak cache file ../../../Enterprise/DerivedDataCache/Compressed.ddp not found, will not use a pak cache.
[2023.11.25-15.13.52:136][  0]LogDerivedDataCache: Unable to find inner node EnterprisePak for hierarchical cache Hierarchy.
[2023.11.25-15.13.52:151][  0]LogDerivedDataCache: Speed tests for C:/Users/Hanna/AppData/Local/UnrealEngine/Common/DerivedDataCache took 0.01 seconds
[2023.11.25-15.13.52:151][  0]LogDerivedDataCache: Display: Performance to C:/Users/Hanna/AppData/Local/UnrealEngine/Common/DerivedDataCache: Latency=0.07ms. RandomReadSpeed=226.51MBs, RandomWriteSpeed=106.58MBs. Assigned SpeedClass 'Local'
[2023.11.25-15.13.52:152][  0]LogDerivedDataCache: Using Local data cache path C:/Users/Hanna/AppData/Local/UnrealEngine/Common/DerivedDataCache: Writable
[2023.11.25-15.13.52:152][  0]LogDerivedDataCache: Shared data cache path not found in *engine.ini, will not use an Shared cache.
[2023.11.25-15.13.52:152][  0]LogDerivedDataCache: Unable to find inner node Shared for hierarchical cache Hierarchy.
[2023.11.25-15.13.52:241][  0]LogSlate: Using FreeType 2.10.0
[2023.11.25-15.13.52:241][  0]LogSlate: SlateFontServices - WITH_FREETYPE: 1, WITH_HARFBUZZ: 1
[2023.11.25-15.13.52:307][  0]LogAssetRegistry: FAssetRegistry took 0.0045 seconds to start up
[2023.11.25-15.13.52:750][  0]LogInit: Selected Device Profile: [Windows]
[2023.11.25-15.13.52:750][  0]LogInit: Active device profile: [00000183F08EEE00][00000183F035C780 49] Windows
[2023.11.25-15.13.52:751][  0]LogInit: Profiles: [00000183F08EEE00][00000183F035C780 49] Windows, [00000183F089D600][00000183F0364A40 49] WindowsNoEditor, [00000183F08ED500][00000183F0368D00 49] WindowsServer, [00000183F089ED00][00000183F0360F80 49] WindowsClient, [00000183F08EEB00][00000183F036D200 49] IOS, [00000183F089D800][00000183E48254C0 49] iPadAir, [00000183F08ED600][00000183E4829780 49] iPadAir2, [00000183F085BF00][00000183E483C140 49] IPadPro, [00000183F085BE00][00000183E482C180 49] iPadAir3, [00000183F08EEA00][00000183E4834440 49] iPadAir4, [00000183F0859800][00000183E4830700 49] iPadMini2, [00000183F08ED800][00000183E48389C0 49] iPadMini3, [00000183F085A800][00000183E4840C80 49] iPadMini4, [00000183F08ECE00][00000183E4844F40 49] iPadMini5, [00000183F0893800][00000183F1385400 49] iPhone6, [00000183F0893900][00000183E4821440 49] iPodTouch6, [00000183F0858800][00000183F1391980 49] iPhone7, [00000183F0858700][00000183F13819C0 49] iPodTouch7, [00000183F0891700][00000183F1388100 49] iPhone5S, [00000183F085BC00][00000183E484C3C0 49] iPhone6Plus, [00000183F0892900][00000183F138C680 49] iPhone6S, [00000183F0859700][00000183F1394940 49] iPhone6SPlus, [00000183F0891A00][00000183F1398C00 49] iPhone7Plus, [00000183F085B900][00000183F139CEC0 49] iPhoneSE, [00000183F0892700][00000183F13A1180 49] iPhone8, [00000183F085A300][00000183E4849400 49] iPhone8Plus, [00000183F0891C00][00000183F13A5680 49] iPhoneX, [00000183F085B600][00000183F13AD940 49] iPhoneXS, [00000183F0892400][00000183F13B1C00 49] iPhoneXSMax, [00000183F0859D00][00000183F13B4340 49] iPhoneXR, [00000183F0892000][00000183F13B8600 49] iPhone11, [00000183F085B500][00000183F13BC8C0 49] iPhone11Pro, [00000183F0891F00][00000183F13C0B80 49] iPhone11ProMax, [00000183F085AF00][00000183F13C4E40 49] iPhoneSE2, [00000183F0892600][00000183F13C9100 49] iPhone12Mini, [00000183F085B000][00000183F13CD3C0 49] iPhone12, [00000183F0891800][00000183F13A9640 49] iPhone12Pro, [00000183F085AE00][00000183F13D18C0 49] iPhone12ProMax, [00000183F0893A00][00000183F13D9B80 49] iPadPro105, [00000183F0858100][00000183F13DC2C0 49] iPadPro129, [00000183F0891200][00000183F13E0580 49] iPadPro97, [00000183F0858E00][00000183F13E4840 49] iPadPro2_129, [00000183F0893200][00000183F13E8B00 49] iPad5, [00000183F0859100][00000183F13ECDC0 49] iPad6, [00000183F0890F00][00000183F13F1080 49] iPad7, [00000183F085A200][00000183F13F5340 49] iPad8, [00000183F0892200][00000183F13F9600 49] iPadPro11, [00000183F085AD00][00000183F13D5880 49] iPadPro2_11, [00000183F0892300][00000183F13FDB00 49] iPadPro3_129, [00000183F0858400][00000183F146A240 49] iPadPro4_129, [00000183F0891500][00000183F146E500 49] AppleTV, [00000183F085B800][00000183F14727C0 49] AppleTV4K, [00000183F0892A00][00000183F1476A80 49] TVOS, [00000183F0858500][00000183F147AD40 49] Mac, [00000183F0892C00][00000183F147F000 49] MacClient, [00000183F085A400][00000183F14832C0 49] MacNoEditor, [00000183F0925600][00000183F1487580 49] MacServer, [00000183F089F100][00000183F148B840 49] Linux, [00000183F0924D00][00000183F1467AC0 49] LinuxAArch64, [00000183F089C800][00000183F148E1C0 49] LinuxNoEditor, [00000183F0925300][00000183F1496480 49] LinuxAArch64NoEditor, [00000183F089FD00][00000183F149A740 49] LinuxClient, [00000183F0925800][00000183F149EA00 49] LinuxAArch64Client, [00000183F089E600][00000183F14A2CC0 49] LinuxServer, [00000183F0925700][00000183F14A6F80 49] LinuxAArch64Server, [00000183F089FA00][00000183F14AB240 49] Android, [00000183F0925100][00000183F14AF500 49] Android_Low, [00000183F089F300][00000183F14B37C0 49] Android_Mid, [00000183F0924700][00000183F14B7A80 49] Android_High, [00000183F089C500][00000183F1492180 49] Android_Default, [00000183F0925A00][00000183F14BA400 49] Android_Adreno4xx, [00000183F089C400][00000183F14C26C0 49] Android_Adreno5xx_Low, [00000183F0925500][00000183F14C6980 49] Android_Adreno5xx, [00000183F089C100][00000183F14CAC40 49] Android_Adreno6xx, [00000183F0859900][00000183F14CEF00 49] Android_Adreno6xx_Vulkan, [00000183F0893C00][00000183F14D31C0 49] Android_Mali_T6xx, [00000183F085A700][00000183F14D7480 49] Android_Mali_T7xx, [00000183F0893600][00000183F14DB740 49] Android_Mali_T8xx, [00000183F085A900][00000183F14DFA00 49] Android_Mali_G71, [00000183F0893700][00000183F14E2140 49] Android_Mali_G72, [00000183F0858600][00000183F14BE3C0 49] Android_Mali_G72_Vulkan, [00000183F0890900][00000183F14E6640 49] Android_Mali_G76, [00000183F085B200][00000183F14EE900 49] Android_Mali_G76_Vulkan, [00000183F0890E00][00000183F14F2BC0 49] Android_Mali_G77, [00000183F0858F00][00000183F14F6E80 49] Android_Mali_G77_Vulkan, [00000183F0892100][00000183F14FB140 49] Android_Mali_G78, [00000183F085B400][00000183F14FF400 49] Android_Mali_G78_Vulkan, [00000183F0891D00][00000183F15036C0 49] Android_Mali_G710, [00000183F085BA00][00000183F1507980 49] Android_Mali_G710_Vulkan, [00000183F0890C00][00000183F150A0C0 49] Android_Vulkan_SM5, [00000183F0858300][00000183F150E380 49] Android_PowerVR_G6xxx, [00000183F0890800][00000183F14EA600 49] Android_PowerVR_GT7xxx, [00000183F085AC00][00000183F15168C0 49] Android_PowerVR_GE8xxx, [00000183F0891B00][00000183F151AB80 49] Android_PowerVR_GM9xxx, [00000183F085BB00][00000183F151EE40 49] Android_PowerVR_GM9xxx_Vulkan, [00000183F0925400][00000183F1523100 49] Android_TegraK1, [00000183F0858200][00000183F15273C0 49] Android_Unknown_Vulkan, [00000183F0925200][00000183F152B680 49] Lumin, [00000183F085A000][00000183F152F940 49] Lumin_Desktop, [00000183F08ED900][00000183F1533C00 49] HoloLens, 
[2023.11.25-15.13.53:056][  0]LogMeshReduction: Using QuadricMeshReduction for automatic static mesh reduction
[2023.11.25-15.13.53:056][  0]LogMeshReduction: Using SimplygonMeshReduction for automatic skeletal mesh reduction
[2023.11.25-15.13.53:056][  0]LogMeshReduction: Using ProxyLODMeshReduction for automatic mesh merging
[2023.11.25-15.13.53:056][  0]LogMeshReduction: No distributed automatic mesh merging module available
[2023.11.25-15.13.53:056][  0]LogMeshMerging: No distributed automatic mesh merging module available
[2023.11.25-15.13.53:082][  0]LogNetVersion: HannaHolovenkina_3 1.0.0, NetCL: 17155196, EngineNetVer: 17, GameNetVer: 0 (Checksum: 3940239771)
[2023.11.25-15.13.54:005][  0]LogTexture: Default maximum texture size for cubemaps generated from long-lat sources has been changed from 512 to unlimited. In order to preserve old behaiour for '/Engine/MapTemplates/Sky/DaylightAmbientCubemap.DaylightAmbientCubemap', its maximum texture size has been explicitly set to 512.
[2023.11.25-15.13.54:104][  0]LogHMD: PokeAHoleMaterial loaded successfully
[2023.11.25-15.13.54:112][  0]LogUObjectArray: 17178 objects as part of root set at end of initial load.
[2023.11.25-15.13.54:112][  0]LogUObjectAllocator: 4302048 out of 0 bytes used by permanent object pool.
[2023.11.25-15.13.54:113][  0]LogUObjectArray: CloseDisregardForGC: 0/0 objects in disregard for GC pool
[2023.11.25-15.13.54:696][  0]LogNiagaraDebuggerClient: Niagara Debugger Client Initialized | Session: 2B37F94A47E17E6C0BC58B803EF911FE | Instance: D16A437248EACE4F418DFCB08405AD5F (DESKTOP-02OBMKA-16212).
[2023.11.25-15.13.54:765][  0]LogPython: Using Python 3.7.7
[2023.11.25-15.13.55:732][  0]LogTcpMessaging: Initializing TcpMessaging bridge
[2023.11.25-15.13.55:748][  0]LogUdpMessaging: Initializing bridge on interface 0.0.0.0:0 to multicast group 230.0.0.1:6666.
[2023.11.25-15.13.56:122][  0]SourceControl: Source control is disabled
[2023.11.25-15.13.56:122][  0]SourceControl: Source control is disabled
[2023.11.25-15.13.56:135][  0]SourceControl: Source control is disabled
[2023.11.25-15.13.56:144][  0]SourceControl: Source control is disabled
[2023.11.25-15.13.56:172][  0]SourceControl: Source control is disabled
[2023.11.25-15.13.56:189][  0]LogUProjectInfo: Found projects:
[2023.11.25-15.13.56:206][  0]LogVSAccessor: Display: Unable to create Visual Studio setup instance: 80040154
[2023.11.25-15.13.56:207][  0]LogVSAccessor: Display: Unable to create Visual Studio setup instance: 80040154
[2023.11.25-15.13.56:209][  0]LogVSAccessor: Display: Unable to create Visual Studio setup instance: 80040154
[2023.11.25-15.13.56:664][  0]LogOpenImageDenoise: OIDN starting up
[2023.11.25-15.13.56:754][  0]LogAndroidPermission: UAndroidPermissionCallbackProxy::GetInstance
[2023.11.25-15.13.56:800][  0]LogAudioCaptureCore: Display: No Audio Capture implementations found. Audio input will be silent.
[2023.11.25-15.13.56:800][  0]LogAudioCaptureCore: Display: No Audio Capture implementations found. Audio input will be silent.
[2023.11.25-15.13.57:040][  0]LogCollectionManager: Loaded 0 collections in 0.002125 seconds
[2023.11.25-15.13.57:080][  0]LogFileCache: Scanning file cache for directory 'C:/Users/Hanna/Desktop/SpaceShooter/SpaceShooter_HannaHolovenkina/HannaHolovenkina_3/Saved/Collections/' took 0.00s
[2023.11.25-15.13.57:080][  0]LogFileCache: Scanning file cache for directory 'C:/Users/Hanna/Desktop/SpaceShooter/SpaceShooter_HannaHolovenkina/HannaHolovenkina_3/Content/Developers/Hanna/Collections/' took 0.00s
[2023.11.25-15.13.57:080][  0]LogFileCache: Scanning file cache for directory 'C:/Users/Hanna/Desktop/SpaceShooter/SpaceShooter_HannaHolovenkina/HannaHolovenkina_3/Content/Collections/' took 0.00s
[2023.11.25-15.13.57:080][  0]LogOcInput: OculusInput pre-init called
[2023.11.25-15.13.57:546][  0]LogEngine: Initializing Engine...
[2023.11.25-15.13.57:557][  0]LogHMD: Failed to enumerate extensions. Please check that you have a valid OpenXR runtime installed.
[2023.11.25-15.13.57:557][  0]LogHMD: Failed to initialize OpenVR with code 110
[2023.11.25-15.13.57:557][  0]LogMagicLeap: Warning: VR disabled because ZI is not enabled.  To enable, in the editor, Edit -> Project Settings -> Plugins -> Magic Leap Plugin -> Enable Zero Iteration
[2023.11.25-15.13.57:559][  0]LogStats: UGameplayTagsManager::InitializeManager -  0.000 s
[2023.11.25-15.13.57:786][  0]LogInit: Initializing FReadOnlyCVARCache
[2023.11.25-15.13.57:810][  0]LogAIModule: Creating AISystem for world Untitled
[2023.11.25-15.13.57:811][  0]LogAudio: Display: Initializing Audio Device Manager...
[2023.11.25-15.13.57:818][  0]LogAudio: Display: Loading Default Audio Settings Objects...
[2023.11.25-15.13.57:819][  0]LogAudio: Display: No default SoundConcurrencyObject specified (or failed to load).
[2023.11.25-15.13.57:819][  0]LogAudio: Display: Audio Device Manager Initialized
[2023.11.25-15.13.57:819][  0]LogAudio: Display: Creating Audio Device:                 Id: 1, Scope: Shared, Realtime: True
[2023.11.25-15.13.57:819][  0]LogAudioMixer: Display: Audio Mixer Platform Settings:
[2023.11.25-15.13.57:819][  0]LogAudioMixer: Display: 	Sample Rate:						  48000
[2023.11.25-15.13.57:819][  0]LogAudioMixer: Display: 	Callback Buffer Frame Size Requested: 1024
[2023.11.25-15.13.57:819][  0]LogAudioMixer: Display: 	Callback Buffer Frame Size To Use:	  1024
[2023.11.25-15.13.57:819][  0]LogAudioMixer: Display: 	Number of buffers to queue:			  2
[2023.11.25-15.13.57:819][  0]LogAudioMixer: Display: 	Max Channels (voices):				  32
[2023.11.25-15.13.57:819][  0]LogAudioMixer: Display: 	Number of Async Source Workers:		  0
[2023.11.25-15.13.57:819][  0]LogAudio: Display: AudioDevice MaxSources: 32
[2023.11.25-15.13.57:820][  0]LogAudio: Display: Audio Spatialization Plugin: None (built-in).
[2023.11.25-15.13.57:820][  0]LogAudio: Display: Audio Reverb Plugin: None (built-in).
[2023.11.25-15.13.57:820][  0]LogAudio: Display: Audio Occlusion Plugin: None (built-in).
[2023.11.25-15.13.57:820][  0]LogAudioMixer: Display: Initializing audio mixer.
[2023.11.25-15.13.57:846][  0]LogAudioMixer: Display: 0: FrontLeft
[2023.11.25-15.13.57:846][  0]LogAudioMixer: Display: 1: FrontRight
[2023.11.25-15.13.58:331][  0]LogAudioMixer: Display: Using Audio Device Динамики (Realtek(R) Audio)
[2023.11.25-15.13.58:332][  0]LogAudioMixer: Display: Initializing Sound Submixes...
[2023.11.25-15.13.58:336][  0]LogAudioMixer: Display: Creating Master Submix 'MasterSubmixDefault'
[2023.11.25-15.13.58:336][  0]LogAudioMixer: Display: Creating Master Submix 'MasterReverbSubmixDefault'
[2023.11.25-15.13.58:337][  0]LogAudioMixer: Display: Creating Master Submix 'MasterEQSubmixDefault'
[2023.11.25-15.13.58:337][  0]LogAudioMixer: FMixerPlatformXAudio2::StartAudioStream() called
[2023.11.25-15.13.58:337][  0]LogAudioMixer: Display: Output buffers initialized: Frames=1024, Channels=2, Samples=2048
[2023.11.25-15.13.58:338][  0]LogAudioMixer: Display: Starting AudioMixerPlatformInterface::RunInternal()
[2023.11.25-15.13.58:338][  0]LogAudioMixer: Display: FMixerPlatformXAudio2::SubmitBuffer() called for the first time
[2023.11.25-15.13.58:338][  0]LogInit: FAudioDevice initialized.
[2023.11.25-15.13.58:339][  0]LogAudio: Display: Audio Device (ID: 1) registered with world 'Untitled'.
[2023.11.25-15.13.58:339][  0]LogNetVersion: Set ProjectVersion to 1.0.0.0. Version Checksum will be recalculated on next use.
[2023.11.25-15.13.58:468][  0]LogDerivedDataCache: Saved boot cache 0.13s 94MB C:/Users/Hanna/AppData/Local/UnrealEngine/4.27/DerivedDataCache/Boot.ddc.
[2023.11.25-15.13.58:469][  0]LogInit: Texture streaming: Enabled
[2023.11.25-15.13.58:506][  0]LogAnalytics: Display: [UEEditor.Rocket.Release] APIServer = https://datarouter.ol.epicgames.com/. AppVersion = 4.27.2-18319896+++UE4+Release-4.27
[2023.11.25-15.13.58:516][  0]LogEngineSessionManager: EngineSessionManager initialized
[2023.11.25-15.13.58:516][  0]LogEditorSessionSummary: Verbose: Initializing EditorSessionSummaryWriter for editor session tracking
[2023.11.25-15.13.58:519][  0]LogEditorSessionSummary: EditorSessionSummaryWriter initialized
[2023.11.25-15.13.58:576][  0]LogInit: Transaction tracking system initialized
[2023.11.25-15.13.58:656][  0]BlueprintLog: New page: Editor Load
[2023.11.25-15.13.58:814][  0]LocalizationService: Localization service is disabled
[2023.11.25-15.13.58:888][  0]TimingProfiler: Initialize
[2023.11.25-15.13.58:892][  0]TimingProfiler: OnSessionChanged
[2023.11.25-15.13.58:892][  0]LoadingProfiler: Initialize
[2023.11.25-15.13.58:892][  0]LoadingProfiler: OnSessionChanged
[2023.11.25-15.13.58:892][  0]NetworkingProfiler: Initialize
[2023.11.25-15.13.58:892][  0]NetworkingProfiler: OnSessionChanged
[2023.11.25-15.13.58:892][  0]MemoryProfiler: Initialize
[2023.11.25-15.13.58:892][  0]MemoryProfiler: OnSessionChanged
[2023.11.25-15.13.59:043][  0]LogVSAccessor: Display: Unable to create Visual Studio setup instance: 80040154
[2023.11.25-15.13.59:044][  0]LogVSAccessor: Display: Unable to create Visual Studio setup instance: 80040154
[2023.11.25-15.13.59:045][  0]LogVSAccessor: Display: Unable to create Visual Studio setup instance: 80040154
[2023.11.25-15.13.59:224][  0]LogCook: Display: CookSettings for Memory: MemoryMaxUsedVirtual 0MiB, MemoryMaxUsedPhysical 16384MiB, MemoryMinFreeVirtual 0MiB, MemoryMinFreePhysical 1024MiB
[2023.11.25-15.13.59:224][  0]LogCook: Display: Mobile HDR setting 1
[2023.11.25-15.13.59:769][  0]LogFileCache: Scanning file cache for directory 'C:/Users/Hanna/Desktop/SpaceShooter/SpaceShooter_HannaHolovenkina/HannaHolovenkina_3/Content/' took 0.01s
[2023.11.25-15.14.00:169][  0]LogInit: Display: Engine is initialized. Leaving FEngineLoop::Init()
[2023.11.25-15.14.00:181][  0]SourceControl: Source control is disabled
[2023.11.25-15.14.00:181][  0]LogUnrealEdMisc: Loading editor; pre map load, took 16.289
[2023.11.25-15.14.00:182][  0]LightingResults: New page: Lighting Build
[2023.11.25-15.14.00:185][  0]LogWorld: UWorld::CleanupWorld for Untitled, bSessionEnded=true, bCleanupResources=true
[2023.11.25-15.14.00:187][  0]LogSlate: InvalidateAllWidgets triggered.  All widgets were invalidated
[2023.11.25-15.14.00:187][  0]MapCheck: New page: Map Check
[2023.11.25-15.14.00:187][  0]LightingResults: New page: Lighting Build
[2023.11.25-15.14.00:198][  0]LogAudio: Display: Audio Device unregistered from world 'None'.
[2023.11.25-15.14.00:204][  0]LogUObjectHash: Compacting FUObjectHashTables data took   1.71ms
[2023.11.25-15.14.00:412][  0]LogStaticMesh: Building static mesh Floor_400x400...
[2023.11.25-15.14.00:417][  0]LogStaticMesh: Built static mesh [0.00s] /Game/StarterContent/Architecture/Floor_400x400.Floor_400x400
[2023.11.25-15.14.00:444][  0]LogTexture: Display: Building textures: DeprecatedTextureD6C57B644F03DADF4F2699848FAEA3C3 (BGRA8, 128X128)
[2023.11.25-15.14.00:456][  0]LogTexture: Display: Building textures: DeprecatedTexture8D91C9AE4C6B8D628CDA3C848426284A (BGRA8, 128X128)
[2023.11.25-15.14.00:524][  0]LogAudio: Display: Audio Device (ID: 1) registered with world 'Minimal_Default'.
[2023.11.25-15.14.00:524][  0]LogAIModule: Creating AISystem for world Minimal_Default
[2023.11.25-15.14.00:535][  0]LogEditorServer: Finished looking for orphan Actors (0.000 secs)
[2023.11.25-15.14.00:551][  0]LogUObjectHash: Compacting FUObjectHashTables data took   1.29ms
[2023.11.25-15.14.00:551][  0]Cmd: MAP CHECKDEP NOCLEARLOG
[2023.11.25-15.14.00:551][  0]MapCheck: Map check complete: 0 Error(s), 0 Warning(s), took 0,164ms to complete.
[2023.11.25-15.14.00:551][  0]LogFileHelpers: Loading map 'Minimal_Default' took 0.371
[2023.11.25-15.14.00:561][  0]LogUnrealEdMisc: Total Editor Startup Time, took 16.669
[2023.11.25-15.14.00:712][  0]LogSlate: Updating window title bar state: overlay mode, drag disabled, window buttons hidden, title bar hidden
[2023.11.25-15.14.00:723][  0]LogSlate: Updating window title bar state: overlay mode, drag disabled, window buttons hidden, title bar hidden
[2023.11.25-15.14.00:731][  0]LogSlate: Updating window title bar state: overlay mode, drag disabled, window buttons hidden, title bar hidden
[2023.11.25-15.14.00:742][  0]LogSlate: Updating window title bar state: overlay mode, drag disabled, window buttons hidden, title bar hidden
[2023.11.25-15.14.00:766][  0]LogNativeClassHierarchy: Verbose: Native class hierarchy populated in 0.0146 seconds. Added 3822 classes and 928 folders.
[2023.11.25-15.14.00:771][  0]LogNativeClassHierarchy: Verbose: Native class hierarchy updated for 'WidgetCarousel' in 0.0007 seconds. Added 0 classes and 0 folders.
[2023.11.25-15.14.00:774][  0]LogPakFile: PakFile PrimaryIndexSize=187
[2023.11.25-15.14.00:774][  0]LogPakFile: PakFile PathHashIndexSize=101
[2023.11.25-15.14.00:774][  0]LogPakFile: PakFile FullDirectoryIndexSize=148
[2023.11.25-15.14.00:774][  0]LogShaderLibrary: Display: ShaderCodeLibraryPakFileMountedCallback: PakFile 'C:/Program Files/Epic Games/UE_4.27/FeaturePacks/FP_FirstPerson.upack' (chunk index -1, root 'root:/') mounted
[2023.11.25-15.14.00:774][  0]LogShaderLibrary: Display: ShaderCodeLibraryPakFileMountedCallback: pending pak file info (ChunkID:-1 Root:root:/ File:C:/Program Files/Epic Games/UE_4.27/FeaturePacks/FP_FirstPerson.upack)
[2023.11.25-15.14.00:774][  0]LogPakFile: OnPakFileMounted2Time == 0.000066
[2023.11.25-15.14.00:776][  0]LogPakFile: PakFile PrimaryIndexSize=189
[2023.11.25-15.14.00:776][  0]LogPakFile: PakFile PathHashIndexSize=101
[2023.11.25-15.14.00:776][  0]LogPakFile: PakFile FullDirectoryIndexSize=152
[2023.11.25-15.14.00:776][  0]LogShaderLibrary: Display: ShaderCodeLibraryPakFileMountedCallback: PakFile 'C:/Program Files/Epic Games/UE_4.27/FeaturePacks/FP_FirstPersonBP.upack' (chunk index -1, root 'root:/') mounted
[2023.11.25-15.14.00:776][  0]LogShaderLibrary: Display: ShaderCodeLibraryPakFileMountedCallback: pending pak file info (ChunkID:-1 Root:root:/ File:C:/Program Files/Epic Games/UE_4.27/FeaturePacks/FP_FirstPersonBP.upack)
[2023.11.25-15.14.00:776][  0]LogPakFile: OnPakFileMounted2Time == 0.000042
[2023.11.25-15.14.00:779][  0]LogPakFile: PakFile PrimaryIndexSize=191
[2023.11.25-15.14.00:779][  0]LogPakFile: PakFile PathHashIndexSize=101
[2023.11.25-15.14.00:779][  0]LogPakFile: PakFile FullDirectoryIndexSize=160
[2023.11.25-15.14.00:779][  0]LogShaderLibrary: Display: ShaderCodeLibraryPakFileMountedCallback: PakFile 'C:/Program Files/Epic Games/UE_4.27/FeaturePacks/MobileStarterContent.upack' (chunk index -1, root 'root:/') mounted
[2023.11.25-15.14.00:779][  0]LogShaderLibrary: Display: ShaderCodeLibraryPakFileMountedCallback: pending pak file info (ChunkID:-1 Root:root:/ File:C:/Program Files/Epic Games/UE_4.27/FeaturePacks/MobileStarterContent.upack)
[2023.11.25-15.14.00:779][  0]LogPakFile: OnPakFileMounted2Time == 0.000039
[2023.11.25-15.14.00:780][  0]LogPakFile: PakFile PrimaryIndexSize=185
[2023.11.25-15.14.00:780][  0]LogPakFile: PakFile PathHashIndexSize=101
[2023.11.25-15.14.00:780][  0]LogPakFile: PakFile FullDirectoryIndexSize=148
[2023.11.25-15.14.00:780][  0]LogShaderLibrary: Display: ShaderCodeLibraryPakFileMountedCallback: PakFile 'C:/Program Files/Epic Games/UE_4.27/FeaturePacks/StarterContent.upack' (chunk index -1, root 'root:/') mounted
[2023.11.25-15.14.00:780][  0]LogShaderLibrary: Display: ShaderCodeLibraryPakFileMountedCallback: pending pak file info (ChunkID:-1 Root:root:/ File:C:/Program Files/Epic Games/UE_4.27/FeaturePacks/StarterContent.upack)
[2023.11.25-15.14.00:780][  0]LogPakFile: OnPakFileMounted2Time == 0.000039
[2023.11.25-15.14.00:781][  0]LogPakFile: PakFile PrimaryIndexSize=190
[2023.11.25-15.14.00:781][  0]LogPakFile: PakFile PathHashIndexSize=101
[2023.11.25-15.14.00:781][  0]LogPakFile: PakFile FullDirectoryIndexSize=154
[2023.11.25-15.14.00:781][  0]LogShaderLibrary: Display: ShaderCodeLibraryPakFileMountedCallback: PakFile 'C:/Program Files/Epic Games/UE_4.27/FeaturePacks/TP_2DSideScroller.upack' (chunk index -1, root 'root:/') mounted
[2023.11.25-15.14.00:781][  0]LogShaderLibrary: Display: ShaderCodeLibraryPakFileMountedCallback: pending pak file info (ChunkID:-1 Root:root:/ File:C:/Program Files/Epic Games/UE_4.27/FeaturePacks/TP_2DSideScroller.upack)
[2023.11.25-15.14.00:781][  0]LogPakFile: OnPakFileMounted2Time == 0.000037
[2023.11.25-15.14.00:787][  0]LogPakFile: PakFile PrimaryIndexSize=192
[2023.11.25-15.14.00:787][  0]LogPakFile: PakFile PathHashIndexSize=101
[2023.11.25-15.14.00:787][  0]LogPakFile: PakFile FullDirectoryIndexSize=158
[2023.11.25-15.14.00:787][  0]LogShaderLibrary: Display: ShaderCodeLibraryPakFileMountedCallback: PakFile 'C:/Program Files/Epic Games/UE_4.27/FeaturePacks/TP_2DSideScrollerBP.upack' (chunk index -1, root 'root:/') mounted
[2023.11.25-15.14.00:787][  0]LogShaderLibrary: Display: ShaderCodeLibraryPakFileMountedCallback: pending pak file info (ChunkID:-1 Root:root:/ File:C:/Program Files/Epic Games/UE_4.27/FeaturePacks/TP_2DSideScrollerBP.upack)
[2023.11.25-15.14.00:787][  0]LogPakFile: OnPakFileMounted2Time == 0.000082
[2023.11.25-15.14.00:797][  0]LogPakFile: PakFile PrimaryIndexSize=182
[2023.11.25-15.14.00:797][  0]LogPakFile: PakFile PathHashIndexSize=101
[2023.11.25-15.14.00:797][  0]LogPakFile: PakFile FullDirectoryIndexSize=138
[2023.11.25-15.14.00:797][  0]LogShaderLibrary: Display: ShaderCodeLibraryPakFileMountedCallback: PakFile 'C:/Program Files/Epic Games/UE_4.27/FeaturePacks/TP_Flying.upack' (chunk index -1, root 'root:/') mounted
[2023.11.25-15.14.00:797][  0]LogShaderLibrary: Display: ShaderCodeLibraryPakFileMountedCallback: pending pak file info (ChunkID:-1 Root:root:/ File:C:/Program Files/Epic Games/UE_4.27/FeaturePacks/TP_Flying.upack)
[2023.11.25-15.14.00:797][  0]LogPakFile: OnPakFileMounted2Time == 0.000050
[2023.11.25-15.14.00:805][  0]LogPakFile: PakFile PrimaryIndexSize=184
[2023.11.25-15.14.00:806][  0]LogPakFile: PakFile PathHashIndexSize=101
[2023.11.25-15.14.00:806][  0]LogPakFile: PakFile FullDirectoryIndexSize=142
[2023.11.25-15.14.00:806][  0]LogShaderLibrary: Display: ShaderCodeLibraryPakFileMountedCallback: PakFile 'C:/Program Files/Epic Games/UE_4.27/FeaturePacks/TP_FlyingBP.upack' (chunk index -1, root 'root:/') mounted
[2023.11.25-15.14.00:806][  0]LogShaderLibrary: Display: ShaderCodeLibraryPakFileMountedCallback: pending pak file info (ChunkID:-1 Root:root:/ File:C:/Program Files/Epic Games/UE_4.27/FeaturePacks/TP_FlyingBP.upack)
[2023.11.25-15.14.00:806][  0]LogPakFile: OnPakFileMounted2Time == 0.000039
[2023.11.25-15.14.00:807][  0]LogPakFile: PakFile PrimaryIndexSize=188
[2023.11.25-15.14.00:807][  0]LogPakFile: PakFile PathHashIndexSize=101
[2023.11.25-15.14.00:807][  0]LogPakFile: PakFile FullDirectoryIndexSize=150
[2023.11.25-15.14.00:807][  0]LogShaderLibrary: Display: ShaderCodeLibraryPakFileMountedCallback: PakFile 'C:/Program Files/Epic Games/UE_4.27/FeaturePacks/TP_HandheldARBP.upack' (chunk index -1, root 'root:/') mounted
[2023.11.25-15.14.00:807][  0]LogShaderLibrary: Display: ShaderCodeLibraryPakFileMountedCallback: pending pak file info (ChunkID:-1 Root:root:/ File:C:/Program Files/Epic Games/UE_4.27/FeaturePacks/TP_HandheldARBP.upack)
[2023.11.25-15.14.00:807][  0]LogPakFile: OnPakFileMounted2Time == 0.000062
[2023.11.25-15.14.00:811][  0]LogPakFile: PakFile PrimaryIndexSize=182
[2023.11.25-15.14.00:811][  0]LogPakFile: PakFile PathHashIndexSize=101
[2023.11.25-15.14.00:811][  0]LogPakFile: PakFile FullDirectoryIndexSize=138
[2023.11.25-15.14.00:811][  0]LogShaderLibrary: Display: ShaderCodeLibraryPakFileMountedCallback: PakFile 'C:/Program Files/Epic Games/UE_4.27/FeaturePacks/TP_Puzzle.upack' (chunk index -1, root 'root:/') mounted
[2023.11.25-15.14.00:811][  0]LogShaderLibrary: Display: ShaderCodeLibraryPakFileMountedCallback: pending pak file info (ChunkID:-1 Root:root:/ File:C:/Program Files/Epic Games/UE_4.27/FeaturePacks/TP_Puzzle.upack)
[2023.11.25-15.14.00:811][  0]LogPakFile: OnPakFileMounted2Time == 0.000037
[2023.11.25-15.14.00:813][  0]LogPakFile: PakFile PrimaryIndexSize=184
[2023.11.25-15.14.00:813][  0]LogPakFile: PakFile PathHashIndexSize=101
[2023.11.25-15.14.00:813][  0]LogPakFile: PakFile FullDirectoryIndexSize=142
[2023.11.25-15.14.00:813][  0]LogShaderLibrary: Display: ShaderCodeLibraryPakFileMountedCallback: PakFile 'C:/Program Files/Epic Games/UE_4.27/FeaturePacks/TP_PuzzleBP.upack' (chunk index -1, root 'root:/') mounted
[2023.11.25-15.14.00:813][  0]LogShaderLibrary: Display: ShaderCodeLibraryPakFileMountedCallback: pending pak file info (ChunkID:-1 Root:root:/ File:C:/Program Files/Epic Games/UE_4.27/FeaturePacks/TP_PuzzleBP.upack)
[2023.11.25-15.14.00:813][  0]LogPakFile: OnPakFileMounted2Time == 0.000034
[2023.11.25-15.14.00:814][  0]LogPakFile: PakFile PrimaryIndexSize=183
[2023.11.25-15.14.00:814][  0]LogPakFile: PakFile PathHashIndexSize=101
[2023.11.25-15.14.00:814][  0]LogPakFile: PakFile FullDirectoryIndexSize=140
[2023.11.25-15.14.00:814][  0]LogShaderLibrary: Display: ShaderCodeLibraryPakFileMountedCallback: PakFile 'C:/Program Files/Epic Games/UE_4.27/FeaturePacks/TP_Rolling.upack' (chunk index -1, root 'root:/') mounted
[2023.11.25-15.14.00:814][  0]LogShaderLibrary: Display: ShaderCodeLibraryPakFileMountedCallback: pending pak file info (ChunkID:-1 Root:root:/ File:C:/Program Files/Epic Games/UE_4.27/FeaturePacks/TP_Rolling.upack)
[2023.11.25-15.14.00:814][  0]LogPakFile: OnPakFileMounted2Time == 0.000033
[2023.11.25-15.14.00:817][  0]LogPakFile: PakFile PrimaryIndexSize=185
[2023.11.25-15.14.00:817][  0]LogPakFile: PakFile PathHashIndexSize=101
[2023.11.25-15.14.00:817][  0]LogPakFile: PakFile FullDirectoryIndexSize=144
[2023.11.25-15.14.00:817][  0]LogShaderLibrary: Display: ShaderCodeLibraryPakFileMountedCallback: PakFile 'C:/Program Files/Epic Games/UE_4.27/FeaturePacks/TP_RollingBP.upack' (chunk index -1, root 'root:/') mounted
[2023.11.25-15.14.00:817][  0]LogShaderLibrary: Display: ShaderCodeLibraryPakFileMountedCallback: pending pak file info (ChunkID:-1 Root:root:/ File:C:/Program Files/Epic Games/UE_4.27/FeaturePacks/TP_RollingBP.upack)
[2023.11.25-15.14.00:817][  0]LogPakFile: OnPakFileMounted2Time == 0.000034
[2023.11.25-15.14.00:818][  0]LogPakFile: PakFile PrimaryIndexSize=188
[2023.11.25-15.14.00:818][  0]LogPakFile: PakFile PathHashIndexSize=101
[2023.11.25-15.14.00:818][  0]LogPakFile: PakFile FullDirectoryIndexSize=150
[2023.11.25-15.14.00:818][  0]LogShaderLibrary: Display: ShaderCodeLibraryPakFileMountedCallback: PakFile 'C:/Program Files/Epic Games/UE_4.27/FeaturePacks/TP_SideScroller.upack' (chunk index -1, root 'root:/') mounted
[2023.11.25-15.14.00:818][  0]LogShaderLibrary: Display: ShaderCodeLibraryPakFileMountedCallback: pending pak file info (ChunkID:-1 Root:root:/ File:C:/Program Files/Epic Games/UE_4.27/FeaturePacks/TP_SideScroller.upack)
[2023.11.25-15.14.00:818][  0]LogPakFile: OnPakFileMounted2Time == 0.000040
[2023.11.25-15.14.00:820][  0]LogPakFile: PakFile PrimaryIndexSize=190
[2023.11.25-15.14.00:820][  0]LogPakFile: PakFile PathHashIndexSize=101
[2023.11.25-15.14.00:820][  0]LogPakFile: PakFile FullDirectoryIndexSize=154
[2023.11.25-15.14.00:820][  0]LogShaderLibrary: Display: ShaderCodeLibraryPakFileMountedCallback: PakFile 'C:/Program Files/Epic Games/UE_4.27/FeaturePacks/TP_SideScrollerBP.upack' (chunk index -1, root 'root:/') mounted
[2023.11.25-15.14.00:820][  0]LogShaderLibrary: Display: ShaderCodeLibraryPakFileMountedCallback: pending pak file info (ChunkID:-1 Root:root:/ File:C:/Program Files/Epic Games/UE_4.27/FeaturePacks/TP_SideScrollerBP.upack)
[2023.11.25-15.14.00:820][  0]LogPakFile: OnPakFileMounted2Time == 0.000117
[2023.11.25-15.14.00:823][  0]LogPakFile: PakFile PrimaryIndexSize=187
[2023.11.25-15.14.00:823][  0]LogPakFile: PakFile PathHashIndexSize=101
[2023.11.25-15.14.00:823][  0]LogPakFile: PakFile FullDirectoryIndexSize=148
[2023.11.25-15.14.00:823][  0]LogShaderLibrary: Display: ShaderCodeLibraryPakFileMountedCallback: PakFile 'C:/Program Files/Epic Games/UE_4.27/FeaturePacks/TP_ThirdPerson.upack' (chunk index -1, root 'root:/') mounted
[2023.11.25-15.14.00:823][  0]LogShaderLibrary: Display: ShaderCodeLibraryPakFileMountedCallback: pending pak file info (ChunkID:-1 Root:root:/ File:C:/Program Files/Epic Games/UE_4.27/FeaturePacks/TP_ThirdPerson.upack)
[2023.11.25-15.14.00:823][  0]LogPakFile: OnPakFileMounted2Time == 0.000094
[2023.11.25-15.14.00:825][  0]LogPakFile: PakFile PrimaryIndexSize=189
[2023.11.25-15.14.00:825][  0]LogPakFile: PakFile PathHashIndexSize=101
[2023.11.25-15.14.00:825][  0]LogPakFile: PakFile FullDirectoryIndexSize=152
[2023.11.25-15.14.00:825][  0]LogShaderLibrary: Display: ShaderCodeLibraryPakFileMountedCallback: PakFile 'C:/Program Files/Epic Games/UE_4.27/FeaturePacks/TP_ThirdPersonBP.upack' (chunk index -1, root 'root:/') mounted
[2023.11.25-15.14.00:825][  0]LogShaderLibrary: Display: ShaderCodeLibraryPakFileMountedCallback: pending pak file info (ChunkID:-1 Root:root:/ File:C:/Program Files/Epic Games/UE_4.27/FeaturePacks/TP_ThirdPersonBP.upack)
[2023.11.25-15.14.00:825][  0]LogPakFile: OnPakFileMounted2Time == 0.000046
[2023.11.25-15.14.00:827][  0]LogPakFile: PakFile PrimaryIndexSize=183
[2023.11.25-15.14.00:827][  0]LogPakFile: PakFile PathHashIndexSize=101
[2023.11.25-15.14.00:827][  0]LogPakFile: PakFile FullDirectoryIndexSize=140
[2023.11.25-15.14.00:827][  0]LogShaderLibrary: Display: ShaderCodeLibraryPakFileMountedCallback: PakFile 'C:/Program Files/Epic Games/UE_4.27/FeaturePacks/TP_TopDown.upack' (chunk index -1, root 'root:/') mounted
[2023.11.25-15.14.00:827][  0]LogShaderLibrary: Display: ShaderCodeLibraryPakFileMountedCallback: pending pak file info (ChunkID:-1 Root:root:/ File:C:/Program Files/Epic Games/UE_4.27/FeaturePacks/TP_TopDown.upack)
[2023.11.25-15.14.00:827][  0]LogPakFile: OnPakFileMounted2Time == 0.000048
[2023.11.25-15.14.00:828][  0]LogPakFile: PakFile PrimaryIndexSize=185
[2023.11.25-15.14.00:828][  0]LogPakFile: PakFile PathHashIndexSize=101
[2023.11.25-15.14.00:828][  0]LogPakFile: PakFile FullDirectoryIndexSize=144
[2023.11.25-15.14.00:828][  0]LogShaderLibrary: Display: ShaderCodeLibraryPakFileMountedCallback: PakFile 'C:/Program Files/Epic Games/UE_4.27/FeaturePacks/TP_TopDownBP.upack' (chunk index -1, root 'root:/') mounted
[2023.11.25-15.14.00:828][  0]LogShaderLibrary: Display: ShaderCodeLibraryPakFileMountedCallback: pending pak file info (ChunkID:-1 Root:root:/ File:C:/Program Files/Epic Games/UE_4.27/FeaturePacks/TP_TopDownBP.upack)
[2023.11.25-15.14.00:828][  0]LogPakFile: OnPakFileMounted2Time == 0.000044
[2023.11.25-15.14.00:829][  0]LogPakFile: PakFile PrimaryIndexSize=185
[2023.11.25-15.14.00:829][  0]LogPakFile: PakFile PathHashIndexSize=101
[2023.11.25-15.14.00:829][  0]LogPakFile: PakFile FullDirectoryIndexSize=144
[2023.11.25-15.14.00:829][  0]LogShaderLibrary: Display: ShaderCodeLibraryPakFileMountedCallback: PakFile 'C:/Program Files/Epic Games/UE_4.27/FeaturePacks/TP_TwinStick.upack' (chunk index -1, root 'root:/') mounted
[2023.11.25-15.14.00:829][  0]LogShaderLibrary: Display: ShaderCodeLibraryPakFileMountedCallback: pending pak file info (ChunkID:-1 Root:root:/ File:C:/Program Files/Epic Games/UE_4.27/FeaturePacks/TP_TwinStick.upack)
[2023.11.25-15.14.00:829][  0]LogPakFile: OnPakFileMounted2Time == 0.000043
[2023.11.25-15.14.00:831][  0]LogPakFile: PakFile PrimaryIndexSize=187
[2023.11.25-15.14.00:831][  0]LogPakFile: PakFile PathHashIndexSize=101
[2023.11.25-15.14.00:831][  0]LogPakFile: PakFile FullDirectoryIndexSize=148
[2023.11.25-15.14.00:831][  0]LogShaderLibrary: Display: ShaderCodeLibraryPakFileMountedCallback: PakFile 'C:/Program Files/Epic Games/UE_4.27/FeaturePacks/TP_TwinStickBP.upack' (chunk index -1, root 'root:/') mounted
[2023.11.25-15.14.00:831][  0]LogShaderLibrary: Display: ShaderCodeLibraryPakFileMountedCallback: pending pak file info (ChunkID:-1 Root:root:/ File:C:/Program Files/Epic Games/UE_4.27/FeaturePacks/TP_TwinStickBP.upack)
[2023.11.25-15.14.00:831][  0]LogPakFile: OnPakFileMounted2Time == 0.000037
[2023.11.25-15.14.00:832][  0]LogPakFile: PakFile PrimaryIndexSize=183
[2023.11.25-15.14.00:832][  0]LogPakFile: PakFile PathHashIndexSize=101
[2023.11.25-15.14.00:832][  0]LogPakFile: PakFile FullDirectoryIndexSize=140
[2023.11.25-15.14.00:832][  0]LogShaderLibrary: Display: ShaderCodeLibraryPakFileMountedCallback: PakFile 'C:/Program Files/Epic Games/UE_4.27/FeaturePacks/TP_Vehicle.upack' (chunk index -1, root 'root:/') mounted
[2023.11.25-15.14.00:832][  0]LogShaderLibrary: Display: ShaderCodeLibraryPakFileMountedCallback: pending pak file info (ChunkID:-1 Root:root:/ File:C:/Program Files/Epic Games/UE_4.27/FeaturePacks/TP_Vehicle.upack)
[2023.11.25-15.14.00:832][  0]LogPakFile: OnPakFileMounted2Time == 0.000038
[2023.11.25-15.14.00:833][  0]LogPakFile: PakFile PrimaryIndexSize=186
[2023.11.25-15.14.00:833][  0]LogPakFile: PakFile PathHashIndexSize=101
[2023.11.25-15.14.00:833][  0]LogPakFile: PakFile FullDirectoryIndexSize=146
[2023.11.25-15.14.00:833][  0]LogShaderLibrary: Display: ShaderCodeLibraryPakFileMountedCallback: PakFile 'C:/Program Files/Epic Games/UE_4.27/FeaturePacks/TP_VehicleAdv.upack' (chunk index -1, root 'root:/') mounted
[2023.11.25-15.14.00:833][  0]LogShaderLibrary: Display: ShaderCodeLibraryPakFileMountedCallback: pending pak file info (ChunkID:-1 Root:root:/ File:C:/Program Files/Epic Games/UE_4.27/FeaturePacks/TP_VehicleAdv.upack)
[2023.11.25-15.14.00:833][  0]LogPakFile: OnPakFileMounted2Time == 0.000041
[2023.11.25-15.14.00:835][  0]LogPakFile: PakFile PrimaryIndexSize=188
[2023.11.25-15.14.00:835][  0]LogPakFile: PakFile PathHashIndexSize=101
[2023.11.25-15.14.00:835][  0]LogPakFile: PakFile FullDirectoryIndexSize=150
[2023.11.25-15.14.00:835][  0]LogShaderLibrary: Display: ShaderCodeLibraryPakFileMountedCallback: PakFile 'C:/Program Files/Epic Games/UE_4.27/FeaturePacks/TP_VehicleAdvBP.upack' (chunk index -1, root 'root:/') mounted
[2023.11.25-15.14.00:835][  0]LogShaderLibrary: Display: ShaderCodeLibraryPakFileMountedCallback: pending pak file info (ChunkID:-1 Root:root:/ File:C:/Program Files/Epic Games/UE_4.27/FeaturePacks/TP_VehicleAdvBP.upack)
[2023.11.25-15.14.00:835][  0]LogPakFile: OnPakFileMounted2Time == 0.000060
[2023.11.25-15.14.00:839][  0]LogPakFile: PakFile PrimaryIndexSize=185
[2023.11.25-15.14.00:839][  0]LogPakFile: PakFile PathHashIndexSize=101
[2023.11.25-15.14.00:839][  0]LogPakFile: PakFile FullDirectoryIndexSize=144
[2023.11.25-15.14.00:839][  0]LogShaderLibrary: Display: ShaderCodeLibraryPakFileMountedCallback: PakFile 'C:/Program Files/Epic Games/UE_4.27/FeaturePacks/TP_VehicleBP.upack' (chunk index -1, root 'root:/') mounted
[2023.11.25-15.14.00:839][  0]LogShaderLibrary: Display: ShaderCodeLibraryPakFileMountedCallback: pending pak file info (ChunkID:-1 Root:root:/ File:C:/Program Files/Epic Games/UE_4.27/FeaturePacks/TP_VehicleBP.upack)
[2023.11.25-15.14.00:839][  0]LogPakFile: OnPakFileMounted2Time == 0.000072
[2023.11.25-15.14.00:840][  0]LogPakFile: PakFile PrimaryIndexSize=192
[2023.11.25-15.14.00:840][  0]LogPakFile: PakFile PathHashIndexSize=101
[2023.11.25-15.14.00:840][  0]LogPakFile: PakFile FullDirectoryIndexSize=158
[2023.11.25-15.14.00:840][  0]LogShaderLibrary: Display: ShaderCodeLibraryPakFileMountedCallback: PakFile 'C:/Program Files/Epic Games/UE_4.27/FeaturePacks/TP_VirtualRealityBP.upack' (chunk index -1, root 'root:/') mounted
[2023.11.25-15.14.00:840][  0]LogShaderLibrary: Display: ShaderCodeLibraryPakFileMountedCallback: pending pak file info (ChunkID:-1 Root:root:/ File:C:/Program Files/Epic Games/UE_4.27/FeaturePacks/TP_VirtualRealityBP.upack)
[2023.11.25-15.14.00:840][  0]LogPakFile: OnPakFileMounted2Time == 0.000057
[2023.11.25-15.14.00:968][  0]LogNativeClassHierarchy: Verbose: Native class hierarchy updated for 'AddContentDialog' in 0.0004 seconds. Added 0 classes and 0 folders.
[2023.11.25-15.14.00:971][  0]LogNativeClassHierarchy: Verbose: Native class hierarchy updated for 'SceneOutliner' in 0.0005 seconds. Added 2 classes and 0 folders.
[2023.11.25-15.14.01:138][  0]LogSlate: Took 0.000816 seconds to synchronously load lazily loaded font '../../../Engine/Content/Slate/Fonts/Roboto-Regular.ttf' (155K)
[2023.11.25-15.14.01:141][  0]LogSlate: Took 0.001446 seconds to synchronously load lazily loaded font '../../../Engine/Content/Editor/Slate/Fonts/FontAwesome.ttf' (139K)
[2023.11.25-15.14.01:143][  0]LogSlate: Took 0.000981 seconds to synchronously load lazily loaded font '../../../Engine/Content/Slate/Fonts/Roboto-Bold.ttf' (160K)
[2023.11.25-15.14.01:382][  0]LogRenderer: Reallocating scene render targets to support 952x444 Format 10 NumSamples 1 (Frame:1).
[2023.11.25-15.14.01:600][  0]LogNativeClassHierarchy: Verbose: Native class hierarchy updated for 'HierarchicalLODOutliner' in 0.0004 seconds. Added 0 classes and 0 folders.
[2023.11.25-15.14.01:600][  0]LogLoad: (Engine Initialization) Total time: 17.71 seconds
[2023.11.25-15.14.01:600][  0]LogLoad: (Engine Initialization) Total Blueprint compile time: 0.00 seconds
[2023.11.25-15.14.01:681][  0]LogContentStreaming: Texture pool size now 1000 MB
[2023.11.25-15.14.01:900][  1]LogAssetRegistry: Asset discovery search completed in 9.5940 seconds
[2023.11.25-15.14.01:914][  1]LogCollectionManager: Fixed up redirectors for 0 collections in 0.000004 seconds (updated 0 objects)
[2023.11.25-15.14.01:968][  2]LogSlate: Took 0.001032 seconds to synchronously load lazily loaded font '../../../Engine/Content/Slate/Fonts/Roboto-Light.ttf' (167K)
